<?xml version="1.0" encoding="UTF-8" standalone="yes"?><!DOCTYPE report PUBLIC "-//JACOCO//DTD Report 1.1//EN" "report.dtd"><report name="TourGuide"><sessioninfo id="DESKTOP-JNH5MAO-e51980e2" start="1681853773257" dump="1681853790017"/><sessioninfo id="DESKTOP-JNH5MAO-b8f567b8" start="1681853819089" dump="1681853833361"/><sessioninfo id="DESKTOP-JNH5MAO-31dd6f25" start="1681853851010" dump="1681853866558"/><sessioninfo id="DESKTOP-JNH5MAO-84e324f9" start="1681853895953" dump="1681853947350"/><sessioninfo id="DESKTOP-JNH5MAO-fde6f1b4" start="1681854159560" dump="1681854161523"/><sessioninfo id="DESKTOP-JNH5MAO-15c3f006" start="1681854246500" dump="1681854248487"/><sessioninfo id="DESKTOP-JNH5MAO-6b718e97" start="1681854275272" dump="1681854277261"/><sessioninfo id="DESKTOP-JNH5MAO-8e91a72b" start="1681854309483" dump="1681854322746"/><sessioninfo id="DESKTOP-JNH5MAO-9b2f0586" start="1681854339258" dump="1681854340901"/><sessioninfo id="DESKTOP-JNH5MAO-767f97f7" start="1681854547420" dump="1681854564496"/><sessioninfo id="DESKTOP-JNH5MAO-eb780788" start="1681854994431" dump="1681854996512"/><sessioninfo id="DESKTOP-JNH5MAO-40565b87" start="1681855039775" dump="1681855041764"/><sessioninfo id="DESKTOP-JNH5MAO-74b2f9d3" start="1681855581663" dump="1681856087991"/><sessioninfo id="DESKTOP-JNH5MAO-5f9f98da" start="1681856105434" dump="1681856107398"/><sessioninfo id="DESKTOP-JNH5MAO-efafdbde" start="1681856194221" dump="1681856206879"/><sessioninfo id="DESKTOP-JNH5MAO-294eaa1d" start="1681995232985" dump="1681995246648"/><sessioninfo id="DESKTOP-JNH5MAO-ba0ddb49" start="1681995316081" dump="1681995317902"/><sessioninfo id="DESKTOP-JNH5MAO-285dcf71" start="1681995341388" dump="1681995348008"/><sessioninfo id="DESKTOP-JNH5MAO-5aa4ad85" start="1681995585085" dump="1681995591440"/><sessioninfo id="DESKTOP-JNH5MAO-91f5cb5b" start="1681995673414" dump="1681995677889"/><sessioninfo id="DESKTOP-JNH5MAO-46ea99b5" start="1681995705075" dump="1681995755050"/><sessioninfo id="DESKTOP-JNH5MAO-c4291464" start="1681995876946" dump="1681995889497"/><sessioninfo id="DESKTOP-JNH5MAO-c23bb117" start="1681995905968" dump="1681995964555"/><sessioninfo id="DESKTOP-JNH5MAO-851deaf2" start="1681996243632" dump="1681996748868"/><sessioninfo id="DESKTOP-JNH5MAO-cf333f40" start="1681996757568" dump="1681996763154"/><sessioninfo id="DESKTOP-JNH5MAO-a9b6a385" start="1681996813315" dump="1681996823804"/><sessioninfo id="DESKTOP-JNH5MAO-c1f5495c" start="1681996871539" dump="1681996899757"/><sessioninfo id="DESKTOP-JNH5MAO-2a04e8f6" start="1681997458156" dump="1681997494332"/><sessioninfo id="DESKTOP-JNH5MAO-8b630b95" start="1682088960656" dump="1682088971304"/><sessioninfo id="DESKTOP-JNH5MAO-55d16990" start="1682089316782" dump="1682089325177"/><sessioninfo id="DESKTOP-JNH5MAO-49549f4c" start="1682089383376" dump="1682089410390"/><sessioninfo id="DESKTOP-JNH5MAO-6333dd11" start="1682089447324" dump="1682089465260"/><sessioninfo id="DESKTOP-JNH5MAO-d0e028f7" start="1682089762456" dump="1682089772613"/><sessioninfo id="DESKTOP-JNH5MAO-2bd3da20" start="1682089804245" dump="1682089811901"/><sessioninfo id="DESKTOP-JNH5MAO-3e5572b8" start="1682089842140" dump="1682089850449"/><sessioninfo id="DESKTOP-JNH5MAO-dc87db09" start="1682089884248" dump="1682089891406"/><sessioninfo id="DESKTOP-JNH5MAO-cb7ac6ef" start="1682090012264" dump="1682090033965"/><sessioninfo id="DESKTOP-JNH5MAO-f3c220bd" start="1682090345160" dump="1682090352887"/><sessioninfo id="DESKTOP-JNH5MAO-4d95517f" start="1682090637156" dump="1682090654680"/><sessioninfo id="DESKTOP-JNH5MAO-888d68d3" start="1682327423030" dump="1682327453287"/><sessioninfo id="DESKTOP-JNH5MAO-c7ed6dfb" start="1682334734005" dump="1682335691644"/><sessioninfo id="DESKTOP-JNH5MAO-b3119e18" start="1682335927206" dump="1682335934116"/><sessioninfo id="DESKTOP-JNH5MAO-5109a600" start="1682337694502" dump="1682337713716"/><sessioninfo id="DESKTOP-JNH5MAO-2b33bf79" start="1682339776586" dump="1682339777706"/><sessioninfo id="DESKTOP-JNH5MAO-f35b52e0" start="1682342565989" dump="1682342582780"/><sessioninfo id="DESKTOP-JNH5MAO-2c0fb2b3" start="1682342629967" dump="1682342787723"/><sessioninfo id="DESKTOP-JNH5MAO-118d4b78" start="1682342871588" dump="1682343029379"/><sessioninfo id="DESKTOP-JNH5MAO-9e74ae97" start="1682343049317" dump="1682343207108"/><sessioninfo id="DESKTOP-JNH5MAO-cbf44888" start="1682343232578" dump="1682343445971"/><sessioninfo id="DESKTOP-JNH5MAO-9c6fcb" start="1682344177766" dump="1682344194493"/><sessioninfo id="DESKTOP-JNH5MAO-7bac4867" start="1682344226845" dump="1682344384737"/><sessioninfo id="DESKTOP-JNH5MAO-eabb6de5" start="1682344431288" dump="1682345219094"/><sessioninfo id="DESKTOP-JNH5MAO-ed3b1efd" start="1682345676857" dump="1682347254287"/><sessioninfo id="DESKTOP-JNH5MAO-9c4f1f1c" start="1682347674672" dump="1682347677248"/><sessioninfo id="DESKTOP-JNH5MAO-8040594a" start="1682347687655" dump="1682347704279"/><sessioninfo id="DESKTOP-JNH5MAO-287ea456" start="1682347782807" dump="1682347799457"/><sessioninfo id="DESKTOP-JNH5MAO-fc9733c0" start="1682347812068" dump="1682347969148"/><sessioninfo id="DESKTOP-JNH5MAO-923e4d78" start="1682364152145" dump="1682364153481"/><sessioninfo id="DESKTOP-JNH5MAO-491b344a" start="1682364840399" dump="1682364847423"/><sessioninfo id="DESKTOP-JNH5MAO-a685ece8" start="1682364990065" dump="1682365031197"/><sessioninfo id="DESKTOP-JNH5MAO-cba2912" start="1682365081784" dump="1682365122776"/><sessioninfo id="DESKTOP-JNH5MAO-b3af427e" start="1682365176619" dump="1682365214899"/><sessioninfo id="DESKTOP-JNH5MAO-985798e0" start="1682366676103" dump="1682366715441"/><sessioninfo id="DESKTOP-JNH5MAO-1b686e84" start="1682366809112" dump="1682366930501"/><sessioninfo id="DESKTOP-JNH5MAO-97605f8a" start="1682367399970" dump="1682367460900"/><sessioninfo id="DESKTOP-JNH5MAO-c9057349" start="1682369153242" dump="1682369193207"/><sessioninfo id="DESKTOP-JNH5MAO-3589d19b" start="1682370125239" dump="1682370164571"/><sessioninfo id="DESKTOP-JNH5MAO-3be43131" start="1682412908657" dump="1682412962870"/><sessioninfo id="DESKTOP-JNH5MAO-9f732032" start="1682413887128" dump="1682413964084"/><sessioninfo id="DESKTOP-JNH5MAO-fd9568b4" start="1682415096447" dump="1682415135760"/><sessioninfo id="DESKTOP-JNH5MAO-9bd92086" start="1682415738599" dump="1682415751739"/><sessioninfo id="DESKTOP-JNH5MAO-e7e50f45" start="1682415817730" dump="1682415858268"/><sessioninfo id="DESKTOP-JNH5MAO-94174dcb" start="1682415913380" dump="1682415947948"/><sessioninfo id="DESKTOP-JNH5MAO-b1adb2e9" start="1682416027895" dump="1682416063398"/><sessioninfo id="DESKTOP-JNH5MAO-badaab1f" start="1682416082354" dump="1682416152297"/><sessioninfo id="DESKTOP-JNH5MAO-a1f706fa" start="1682417693563" dump="1682417706880"/><sessioninfo id="DESKTOP-JNH5MAO-e8f581ad" start="1682417749029" dump="1682417759627"/><sessioninfo id="DESKTOP-JNH5MAO-50ca940f" start="1682418367993" dump="1682418370554"/><sessioninfo id="DESKTOP-JNH5MAO-6408ed9f" start="1682418444760" dump="1682418456302"/><sessioninfo id="DESKTOP-JNH5MAO-3c40f459" start="1682418866574" dump="1682418877759"/><sessioninfo id="DESKTOP-JNH5MAO-e2316e1d" start="1682418906429" dump="1682418920454"/><sessioninfo id="DESKTOP-JNH5MAO-41be7060" start="1682418960557" dump="1682418999595"/><sessioninfo id="DESKTOP-JNH5MAO-c96fcae8" start="1682419111210" dump="1682419124106"/><sessioninfo id="DESKTOP-JNH5MAO-be4832b0" start="1682419195593" dump="1682419208347"/><sessioninfo id="DESKTOP-JNH5MAO-8d05ebca" start="1682419291936" dump="1682419331256"/><sessioninfo id="DESKTOP-JNH5MAO-16be140b" start="1682419444395" dump="1682419500904"/><sessioninfo id="DESKTOP-JNH5MAO-9defbe09" start="1682419870444" dump="1682419876346"/><sessioninfo id="DESKTOP-JNH5MAO-70adcbe4" start="1682419893097" dump="1682419947778"/><sessioninfo id="DESKTOP-JNH5MAO-63527fc5" start="1682420068040" dump="1682420108447"/><sessioninfo id="DESKTOP-JNH5MAO-dd561113" start="1682420121079" dump="1682420122020"/><sessioninfo id="DESKTOP-JNH5MAO-f43993e8" start="1682420216391" dump="1682420217355"/><sessioninfo id="DESKTOP-JNH5MAO-faef79fa" start="1682420545907" dump="1682420554733"/><sessioninfo id="DESKTOP-JNH5MAO-1810d56c" start="1682420630784" dump="1682420631781"/><sessioninfo id="DESKTOP-JNH5MAO-5edf5221" start="1682420844664" dump="1682420845718"/><sessioninfo id="DESKTOP-JNH5MAO-f6f7b44b" start="1682420865131" dump="1682420866141"/><sessioninfo id="DESKTOP-JNH5MAO-f81b1687" start="1682421036293" dump="1682421038182"/><sessioninfo id="DESKTOP-JNH5MAO-39a3ad55" start="1682421080056" dump="1682421081861"/><sessioninfo id="DESKTOP-JNH5MAO-d6ecb21b" start="1682421128430" dump="1682421129387"/><sessioninfo id="DESKTOP-JNH5MAO-49ad0d50" start="1682422081288" dump="1682422082719"/><sessioninfo id="DESKTOP-JNH5MAO-12c69769" start="1682422095407" dump="1682422096877"/><sessioninfo id="DESKTOP-JNH5MAO-c0dba4d" start="1682422599339" dump="1682422755587"/><sessioninfo id="DESKTOP-JNH5MAO-8e3d6f2e" start="1682423755532" dump="1682423756949"/><sessioninfo id="DESKTOP-JNH5MAO-e5e1ccec" start="1682423770013" dump="1682423815951"/><sessioninfo id="DESKTOP-JNH5MAO-9b417e44" start="1682423942841" dump="1682423987966"/><sessioninfo id="DESKTOP-JNH5MAO-5b1a49cc" start="1682424028739" dump="1682429492548"/><sessioninfo id="DESKTOP-JNH5MAO-64d43d93" start="1682433156813" dump="1682433158262"/><sessioninfo id="DESKTOP-JNH5MAO-189c4f71" start="1682433189655" dump="1682433193039"/><sessioninfo id="DESKTOP-JNH5MAO-5456a7c2" start="1682433211953" dump="1682433305034"/><sessioninfo id="DESKTOP-JNH5MAO-5e930a87" start="1682434590268" dump="1682434592815"/><sessioninfo id="DESKTOP-JNH5MAO-6c9a8d7d" start="1682434609475" dump="1682434623908"/><sessioninfo id="DESKTOP-JNH5MAO-610aa181" start="1682434638222" dump="1682434770179"/><sessioninfo id="DESKTOP-JNH5MAO-47726938" start="1682437015089" dump="1682437016173"/><sessioninfo id="DESKTOP-JNH5MAO-7a36cdba" start="1682438150320" dump="1682438151290"/><sessioninfo id="DESKTOP-JNH5MAO-96260fa9" start="1682439187643" dump="1682439188817"/><sessioninfo id="DESKTOP-JNH5MAO-6e7c519d" start="1682439208477" dump="1682439209642"/><sessioninfo id="DESKTOP-JNH5MAO-2d05e5b5" start="1682439241918" dump="1682439243085"/><sessioninfo id="DESKTOP-JNH5MAO-1ef48ac3" start="1682439590339" dump="1682439720989"/><sessioninfo id="DESKTOP-JNH5MAO-3be55173" start="1682441149048" dump="1682441150017"/><sessioninfo id="DESKTOP-JNH5MAO-da2061bd" start="1682441201006" dump="1682441201962"/><sessioninfo id="DESKTOP-JNH5MAO-21194c31" start="1682442188065" dump="1682442189162"/><sessioninfo id="DESKTOP-JNH5MAO-ae4b47d" start="1682442589959" dump="1682442591091"/><sessioninfo id="DESKTOP-JNH5MAO-16cb384b" start="1682442677650" dump="1682442678793"/><sessioninfo id="DESKTOP-JNH5MAO-d0f2fd9f" start="1682442793008" dump="1682442794080"/><sessioninfo id="DESKTOP-JNH5MAO-27009bc0" start="1682442807224" dump="1682442808210"/><sessioninfo id="DESKTOP-JNH5MAO-e6f54ca0" start="1682443162240" dump="1682443163220"/><sessioninfo id="DESKTOP-JNH5MAO-c4d07fe2" start="1682443244207" dump="1682443245168"/><sessioninfo id="DESKTOP-JNH5MAO-85f03bcf" start="1682443279814" dump="1682443280786"/><sessioninfo id="DESKTOP-JNH5MAO-4c7a6355" start="1682443352877" dump="1682443353985"/><sessioninfo id="DESKTOP-JNH5MAO-9893dd1f" start="1682443568822" dump="1682443569797"/><sessioninfo id="DESKTOP-JNH5MAO-b1469161" start="1682443820736" dump="1682443821716"/><sessioninfo id="DESKTOP-JNH5MAO-28acaeec" start="1682443841657" dump="1682443842615"/><sessioninfo id="DESKTOP-JNH5MAO-af4f3857" start="1682444328354" dump="1682444329373"/><sessioninfo id="DESKTOP-JNH5MAO-bfa84430" start="1682444437309" dump="1682444451295"/><sessioninfo id="DESKTOP-JNH5MAO-bc208394" start="1682444537194" dump="1682444550239"/><sessioninfo id="DESKTOP-JNH5MAO-d24463ae" start="1682444586588" dump="1682444587643"/><sessioninfo id="DESKTOP-JNH5MAO-ec282379" start="1682444609537" dump="1682444610495"/><sessioninfo id="DESKTOP-JNH5MAO-7bacce87" start="1682444707637" dump="1682444708663"/><sessioninfo id="DESKTOP-JNH5MAO-43622d92" start="1682444723209" dump="1682444724215"/><sessioninfo id="DESKTOP-JNH5MAO-d444911d" start="1682444870443" dump="1682444871463"/><sessioninfo id="DESKTOP-JNH5MAO-e957f37f" start="1682444958980" dump="1682444960004"/><sessioninfo id="DESKTOP-JNH5MAO-bffe65a5" start="1682446477409" dump="1682446478448"/><sessioninfo id="DESKTOP-JNH5MAO-59d8f4b5" start="1682447695080" dump="1682447696137"/><sessioninfo id="DESKTOP-JNH5MAO-ab5c5b30" start="1682447727957" dump="1682447728984"/><sessioninfo id="DESKTOP-JNH5MAO-d6090298" start="1682447779276" dump="1682447781257"/><sessioninfo id="DESKTOP-JNH5MAO-e1a39a3f" start="1682447815380" dump="1682447817056"/><sessioninfo id="DESKTOP-JNH5MAO-594ccb1f" start="1682447850171" dump="1682447858241"/><sessioninfo id="DESKTOP-JNH5MAO-b765ce92" start="1682447906889" dump="1682447965086"/><sessioninfo id="DESKTOP-JNH5MAO-66e688d1" start="1682448025049" dump="1682448085023"/><sessioninfo id="DESKTOP-JNH5MAO-586b57ed" start="1682448378688" dump="1682448385736"/><sessioninfo id="DESKTOP-JNH5MAO-21a9a7d6" start="1682448499016" dump="1682448515109"/><sessioninfo id="DESKTOP-JNH5MAO-7165c4b6" start="1682448540720" dump="1682448543251"/><sessioninfo id="DESKTOP-JNH5MAO-806aa806" start="1682448587398" dump="1682448664301"/><sessioninfo id="DESKTOP-JNH5MAO-3b82db74" start="1682448687673" dump="1682448695326"/><sessioninfo id="DESKTOP-JNH5MAO-f649447e" start="1682448725312" dump="1682448783092"/><sessioninfo id="DESKTOP-JNH5MAO-4b020977" start="1682448901036" dump="1682449478407"/><sessioninfo id="DESKTOP-JNH5MAO-7432c769" start="1682450117931" dump="1682450119122"/><sessioninfo id="DESKTOP-JNH5MAO-db7ecf76" start="1682450155748" dump="1682450160433"/><sessioninfo id="DESKTOP-JNH5MAO-d85c00b3" start="1682450203398" dump="1682450224091"/><sessioninfo id="DESKTOP-JNH5MAO-69f04397" start="1682450262450" dump="1682450303239"/><sessioninfo id="DESKTOP-JNH5MAO-fb8e0fe5" start="1682450335499" dump="1682450527594"/><sessioninfo id="DESKTOP-JNH5MAO-c82fda37" start="1682450555701" dump="1682450956492"/><sessioninfo id="DESKTOP-JNH5MAO-feb8c9e8" start="1682451281636" dump="1682451285636"/><sessioninfo id="DESKTOP-JNH5MAO-b6c5ef4c" start="1682451314844" dump="1682451329757"/><sessioninfo id="DESKTOP-JNH5MAO-4ac417aa" start="1682451359003" dump="1682451489576"/><sessioninfo id="DESKTOP-JNH5MAO-e604fe81" start="1682451550932" dump="1682453943749"/><sessioninfo id="DESKTOP-JNH5MAO-64244e19" start="1682454637366" dump="1682454638384"/><sessioninfo id="DESKTOP-JNH5MAO-4fee04d6" start="1682502606200" dump="1682502608713"/><sessioninfo id="DESKTOP-JNH5MAO-2a87c532" start="1682503753017" dump="1682503754366"/><sessioninfo id="DESKTOP-JNH5MAO-cb5929f" start="1682503804916" dump="1682503806257"/><sessioninfo id="DESKTOP-JNH5MAO-c51067a7" start="1682503900512" dump="1682503902985"/><sessioninfo id="DESKTOP-JNH5MAO-15b1882d" start="1682504447294" dump="1682504448340"/><sessioninfo id="DESKTOP-JNH5MAO-786283fb" start="1682505006987" dump="1682505008001"/><sessioninfo id="DESKTOP-JNH5MAO-e3940b20" start="1682505657255" dump="1682505658333"/><sessioninfo id="DESKTOP-JNH5MAO-fa6aaadc" start="1682505839696" dump="1682505840647"/><sessioninfo id="DESKTOP-JNH5MAO-c7cb1653" start="1682506059333" dump="1682506061685"/><sessioninfo id="DESKTOP-JNH5MAO-d302c0d5" start="1682511587511" dump="1682511591586"/><sessioninfo id="DESKTOP-JNH5MAO-ab202fd1" start="1682511616488" dump="1682511632060"/><sessioninfo id="DESKTOP-JNH5MAO-a5895ee3" start="1682511790166" dump="1682511805758"/><sessioninfo id="DESKTOP-JNH5MAO-b33749" start="1682512268858" dump="1682512285256"/><sessioninfo id="DESKTOP-JNH5MAO-49f881fd" start="1682513433590" dump="1682513434946"/><sessioninfo id="DESKTOP-JNH5MAO-f1e85740" start="1682513471049" dump="1682513472332"/><sessioninfo id="DESKTOP-JNH5MAO-c4798e8" start="1682513525883" dump="1682513527343"/><sessioninfo id="DESKTOP-JNH5MAO-58dcfed6" start="1682513575674" dump="1682513577032"/><sessioninfo id="DESKTOP-JNH5MAO-5a5970e" start="1682514165561" dump="1682514166872"/><sessioninfo id="DESKTOP-JNH5MAO-c1ae5c9c" start="1682514850969" dump="1682514852370"/><sessioninfo id="DESKTOP-JNH5MAO-24e8741c" start="1682515536515" dump="1682515537778"/><sessioninfo id="DESKTOP-JNH5MAO-c79230b9" start="1682520076547" dump="1682520089134"/><sessioninfo id="DESKTOP-JNH5MAO-981b6eda" start="1682520108859" dump="1682520109788"/><sessioninfo id="DESKTOP-JNH5MAO-26705a8a" start="1682520120656" dump="1682520136097"/><sessioninfo id="DESKTOP-JNH5MAO-3cdf61c5" start="1682522382824" dump="1682522383760"/><sessioninfo id="DESKTOP-JNH5MAO-4148b5df" start="1682522392973" dump="1682522393915"/><sessioninfo id="DESKTOP-JNH5MAO-3e0fafb2" start="1682523378892" dump="1682523381312"/><sessioninfo id="DESKTOP-JNH5MAO-5c43c3e1" start="1682523400820" dump="1682523406412"/><sessioninfo id="DESKTOP-JNH5MAO-3fcf5630" start="1682523583227" dump="1682523589671"/><sessioninfo id="DESKTOP-JNH5MAO-2bdf6889" start="1682523692203" dump="1682523698820"/><sessioninfo id="DESKTOP-JNH5MAO-536288fe" start="1682524074478" dump="1682524077022"/><sessioninfo id="DESKTOP-JNH5MAO-e37daca7" start="1682524148072" dump="1682524165952"/><sessioninfo id="DESKTOP-JNH5MAO-ca14af1b" start="1682524211042" dump="1682524383649"/><sessioninfo id="DESKTOP-JNH5MAO-83fec5eb" start="1682525310587" dump="1682525313163"/><sessioninfo id="DESKTOP-JNH5MAO-b3a879e9" start="1682525334021" dump="1682525351840"/><sessioninfo id="DESKTOP-JNH5MAO-322fc884" start="1682525375067" dump="1682525547428"/><sessioninfo id="DESKTOP-JNH5MAO-f3edb04c" start="1682526669832" dump="1682526671624"/><sessioninfo id="DESKTOP-JNH5MAO-7625832a" start="1682526858797" dump="1682526861312"/><sessioninfo id="DESKTOP-JNH5MAO-15c0d7a8" start="1682526890081" dump="1682526892627"/><sessioninfo id="DESKTOP-JNH5MAO-3a5bff3a" start="1682526919965" dump="1682526937819"/><sessioninfo id="DESKTOP-JNH5MAO-9752f880" start="1682527392494" dump="1682527393669"/><sessioninfo id="DESKTOP-JNH5MAO-fcd1f2" start="1682527511068" dump="1682527528920"/><sessioninfo id="DESKTOP-JNH5MAO-4b21251b" start="1682527543788" dump="1682527544881"/><sessioninfo id="DESKTOP-JNH5MAO-70472abb" start="1682527647950" dump="1682527665803"/><sessioninfo id="DESKTOP-JNH5MAO-d23c003f" start="1682527693430" dump="1682527708418"/><sessioninfo id="DESKTOP-JNH5MAO-69f078ea" start="1682527742412" dump="1682527872484"/><sessioninfo id="DESKTOP-JNH5MAO-72c6295f" start="1682540235527" dump="1682540239629"/><sessioninfo id="DESKTOP-JNH5MAO-f2642c3" start="1682540294908" dump="1682540310832"/><sessioninfo id="DESKTOP-JNH5MAO-2b0b131b" start="1682543156211" dump="1682543157520"/><sessioninfo id="DESKTOP-JNH5MAO-6aa32103" start="1682543315853" dump="1682543317237"/><sessioninfo id="DESKTOP-JNH5MAO-b507e418" start="1682543903280" dump="1682543904623"/><sessioninfo id="DESKTOP-JNH5MAO-b17a7b18" start="1682546092199" dump="1682546093163"/><sessioninfo id="DESKTOP-JNH5MAO-e190e499" start="1682546866942" dump="1682546876978"/><sessioninfo id="DESKTOP-JNH5MAO-9e74991" start="1682546886939" dump="1682546887882"/><sessioninfo id="DESKTOP-JNH5MAO-dfa9a30b" start="1682547280470" dump="1682547289552"/><sessioninfo id="DESKTOP-JNH5MAO-3c68e904" start="1682547353637" dump="1682547354630"/><sessioninfo id="DESKTOP-JNH5MAO-b374eff6" start="1682547398966" dump="1682547399952"/><sessioninfo id="DESKTOP-JNH5MAO-9be5ead1" start="1682547414214" dump="1682547415214"/><sessioninfo id="DESKTOP-JNH5MAO-fb9aa882" start="1682547509899" dump="1682547522706"/><sessioninfo id="DESKTOP-JNH5MAO-e3e0b412" start="1682547571180" dump="1682547572165"/><sessioninfo id="DESKTOP-JNH5MAO-974b53c3" start="1682547603054" dump="1682547604009"/><sessioninfo id="DESKTOP-JNH5MAO-682a119c" start="1682548591849" dump="1682548592892"/><sessioninfo id="DESKTOP-JNH5MAO-9461eee4" start="1682548695850" dump="1682548776906"/><sessioninfo id="DESKTOP-JNH5MAO-b5d8261b" start="1682549111635" dump="1682549121633"/><sessioninfo id="DESKTOP-JNH5MAO-ab56c9d2" start="1682549210709" dump="1682549358140"/><sessioninfo id="DESKTOP-JNH5MAO-ae6ad737" start="1682582700288" dump="1682582701655"/><sessioninfo id="DESKTOP-JNH5MAO-9718ec55" start="1682582715291" dump="1682582716718"/><sessioninfo id="DESKTOP-JNH5MAO-bc594890" start="1682584774426" dump="1682584775750"/><sessioninfo id="DESKTOP-JNH5MAO-ac48cfef" start="1682588735456" dump="1682588736860"/><sessioninfo id="DESKTOP-JNH5MAO-92e48892" start="1682590286375" dump="1682590287735"/><sessioninfo id="DESKTOP-JNH5MAO-fed05d39" start="1682590414754" dump="1682590416173"/><sessioninfo id="DESKTOP-JNH5MAO-c07a035a" start="1682590427682" dump="1682590429063"/><sessioninfo id="DESKTOP-JNH5MAO-5f9958ce" start="1682590912278" dump="1682590913509"/><sessioninfo id="DESKTOP-JNH5MAO-cbe7cac0" start="1682590938991" dump="1682590940182"/><sessioninfo id="DESKTOP-JNH5MAO-48172119" start="1682591973391" dump="1682591974710"/><sessioninfo id="DESKTOP-JNH5MAO-40cddce8" start="1682592123056" dump="1682592124186"/><sessioninfo id="DESKTOP-JNH5MAO-47720a1a" start="1682593155269" dump="1682593157496"/><sessioninfo id="DESKTOP-JNH5MAO-8be41413" start="1682593216058" dump="1682593222584"/><sessioninfo id="DESKTOP-JNH5MAO-295e73fe" start="1682593515685" dump="1682593517335"/><sessioninfo id="DESKTOP-JNH5MAO-cd0197d1" start="1682593623809" dump="1682593677748"/><sessioninfo id="DESKTOP-JNH5MAO-1373ec5e" start="1682593723312" dump="1682593775789"/><sessioninfo id="DESKTOP-JNH5MAO-2f0c3a90" start="1682593926821" dump="1682593928026"/><sessioninfo id="DESKTOP-JNH5MAO-7c5703d1" start="1682593953691" dump="1682593959919"/><sessioninfo id="DESKTOP-JNH5MAO-3c3ab51" start="1682594344889" dump="1682594351536"/><sessioninfo id="DESKTOP-JNH5MAO-6b886110" start="1682594388885" dump="1682594425857"/><sessioninfo id="DESKTOP-JNH5MAO-5d115d83" start="1682594627826" dump="1682594630111"/><sessioninfo id="DESKTOP-JNH5MAO-52b1f906" start="1682594659974" dump="1682594662191"/><sessioninfo id="DESKTOP-JNH5MAO-c302810" start="1682594989388" dump="1682594996142"/><sessioninfo id="DESKTOP-JNH5MAO-8445514f" start="1682595121112" dump="1682595124361"/><sessioninfo id="DESKTOP-JNH5MAO-38c73eb2" start="1682595156014" dump="1682595190199"/><sessioninfo id="DESKTOP-JNH5MAO-b884e968" start="1682595217056" dump="1682595556301"/><sessioninfo id="DESKTOP-JNH5MAO-cc9a7aff" start="1682598148528" dump="1682598150919"/><sessioninfo id="DESKTOP-JNH5MAO-d2b4f9b7" start="1682598167122" dump="1682598173292"/><sessioninfo id="DESKTOP-JNH5MAO-a3fd4ecb" start="1682598208900" dump="1682598213534"/><sessioninfo id="DESKTOP-JNH5MAO-18242480" start="1682598619732" dump="1682598620994"/><sessioninfo id="DESKTOP-JNH5MAO-6dfc624e" start="1682598884175" dump="1682598886404"/><sessioninfo id="DESKTOP-JNH5MAO-6b08d91f" start="1682598906437" dump="1682598908667"/><sessioninfo id="DESKTOP-JNH5MAO-52815319" start="1682598970848" dump="1682598972079"/><sessioninfo id="DESKTOP-JNH5MAO-9fec231c" start="1682598989374" dump="1682598993470"/><sessioninfo id="DESKTOP-JNH5MAO-969b2201" start="1682599047637" dump="1682599051427"/><sessioninfo id="DESKTOP-JNH5MAO-3404547a" start="1682599065550" dump="1682599069214"/><sessioninfo id="DESKTOP-JNH5MAO-57996664" start="1682599089279" dump="1682599093345"/><sessioninfo id="DESKTOP-JNH5MAO-d5668e0e" start="1682599107123" dump="1682599111284"/><sessioninfo id="DESKTOP-JNH5MAO-f2712532" start="1682599150286" dump="1682599151479"/><sessioninfo id="DESKTOP-JNH5MAO-28824648" start="1682599264760" dump="1682599266961"/><sessioninfo id="DESKTOP-JNH5MAO-c2a694be" start="1682599324121" dump="1682599326327"/><sessioninfo id="DESKTOP-JNH5MAO-9f83ad08" start="1682599352622" dump="1682599357016"/><sessioninfo id="DESKTOP-JNH5MAO-332c7378" start="1682599620143" dump="1682599624054"/><sessioninfo id="DESKTOP-JNH5MAO-5f735a58" start="1682599728756" dump="1682599733818"/><sessioninfo id="DESKTOP-JNH5MAO-93a3561b" start="1682599788225" dump="1682599793201"/><sessioninfo id="DESKTOP-JNH5MAO-cc559291" start="1682599839141" dump="1682599875895"/><sessioninfo id="DESKTOP-JNH5MAO-e33819fe" start="1682600018560" dump="1682600034222"/><sessioninfo id="DESKTOP-JNH5MAO-fe30f386" start="1682600095335" dump="1682600099231"/><sessioninfo id="DESKTOP-JNH5MAO-413a32c5" start="1682600138070" dump="1682600272823"/><sessioninfo id="DESKTOP-JNH5MAO-1263d572" start="1682600780582" dump="1682600785766"/><sessioninfo id="DESKTOP-JNH5MAO-ea12bad2" start="1682600889092" dump="1682600890353"/><sessioninfo id="DESKTOP-JNH5MAO-fabf0a31" start="1682600921311" dump="1682600925410"/><sessioninfo id="DESKTOP-JNH5MAO-7fbf33a1" start="1682601985733" dump="1682601989699"/><sessioninfo id="DESKTOP-JNH5MAO-66c8a022" start="1682602278270" dump="1682602280487"/><sessioninfo id="DESKTOP-JNH5MAO-c14c3dab" start="1682602307311" dump="1682602323221"/><sessioninfo id="DESKTOP-JNH5MAO-d27d9fcc" start="1682602364651" dump="1682602522598"/><sessioninfo id="DESKTOP-JNH5MAO-5080040a" start="1682602571912" dump="1682602574098"/><sessioninfo id="DESKTOP-JNH5MAO-9f5ce7be" start="1682602599076" dump="1682602601391"/><sessioninfo id="DESKTOP-JNH5MAO-6f92a25d" start="1682602615033" dump="1682602632538"/><sessioninfo id="DESKTOP-JNH5MAO-3feb3344" start="1682602676882" dump="1682606018445"/><sessioninfo id="DESKTOP-JNH5MAO-6b25a4b9" start="1682606069821" dump="1682606241841"/><sessioninfo id="DESKTOP-JNH5MAO-34a9717d" start="1682606273539" dump="1682606291078"/><sessioninfo id="DESKTOP-JNH5MAO-125549d4" start="1682606312922" dump="1682606315901"/><sessioninfo id="DESKTOP-JNH5MAO-b88f885" start="1682610996488" dump="1682611000979"/><sessioninfo id="DESKTOP-JNH5MAO-588fff1d" start="1682611344201" dump="1682611345485"/><sessioninfo id="DESKTOP-JNH5MAO-4f130935" start="1682611446546" dump="1682611450236"/><sessioninfo id="DESKTOP-JNH5MAO-4decd710" start="1682613048907" dump="1682613052817"/><sessioninfo id="DESKTOP-JNH5MAO-f5bab308" start="1682613104261" dump="1682613108868"/><sessioninfo id="DESKTOP-JNH5MAO-aa8c35c6" start="1682613330850" dump="1682613334720"/><sessioninfo id="DESKTOP-JNH5MAO-3a48a37d" start="1682613354000" dump="1682613357737"/><sessioninfo id="DESKTOP-JNH5MAO-5b35cc3" start="1682613520987" dump="1682613523240"/><sessioninfo id="DESKTOP-JNH5MAO-420879e4" start="1682613558902" dump="1682613574989"/><sessioninfo id="DESKTOP-JNH5MAO-20a6da6a" start="1682613600853" dump="1682613758225"/><sessioninfo id="DESKTOP-JNH5MAO-a6d566b8" start="1682613796810" dump="1682617058456"/><sessioninfo id="DESKTOP-JNH5MAO-81cb6d73" start="1682617301758" dump="1682617304080"/><sessioninfo id="DESKTOP-JNH5MAO-a3ec2f1" start="1682617448459" dump="1682617449838"/><sessioninfo id="DESKTOP-JNH5MAO-c8213321" start="1682617555742" dump="1682617558088"/><sessioninfo id="DESKTOP-JNH5MAO-bb67179f" start="1682617669887" dump="1682617671231"/><sessioninfo id="DESKTOP-JNH5MAO-e2d28645" start="1682617685258" dump="1682617686710"/><sessioninfo id="DESKTOP-JNH5MAO-e5ffb45f" start="1682617743077" dump="1682617744544"/><sessioninfo id="DESKTOP-JNH5MAO-17efa0ec" start="1682617766102" dump="1682617768221"/><sessioninfo id="DESKTOP-JNH5MAO-83f097a5" start="1682617809116" dump="1682617813797"/><sessioninfo id="DESKTOP-JNH5MAO-4ddb7374" start="1682617852157" dump="1682617855878"/><sessioninfo id="DESKTOP-JNH5MAO-92348fae" start="1682617873894" dump="1682617877511"/><sessioninfo id="DESKTOP-JNH5MAO-6a06ccfa" start="1682618672815" dump="1682618676792"/><sessioninfo id="DESKTOP-JNH5MAO-fd44cce6" start="1682618996302" dump="1682618997614"/><sessioninfo id="DESKTOP-JNH5MAO-2bcf59a5" start="1682620621076" dump="1682620623461"/><sessioninfo id="DESKTOP-JNH5MAO-fe84f071" start="1682620727571" dump="1682620729945"/><sessioninfo id="DESKTOP-JNH5MAO-4759f639" start="1682620754135" dump="1682620756503"/><sessioninfo id="DESKTOP-JNH5MAO-f87de1a9" start="1682620783057" dump="1682620799126"/><sessioninfo id="DESKTOP-JNH5MAO-42ff9cb6" start="1682620829359" dump="1682620987321"/><sessioninfo id="DESKTOP-JNH5MAO-3a7f9021" start="1682621104282" dump="1682621105691"/><sessioninfo id="DESKTOP-JNH5MAO-f4601909" start="1682621115340" dump="1682621116683"/><sessioninfo id="DESKTOP-JNH5MAO-592d1cf3" start="1682621134991" dump="1682621151164"/><sessioninfo id="DESKTOP-JNH5MAO-9a796126" start="1682621213415" dump="1682621229601"/><sessioninfo id="DESKTOP-JNH5MAO-5836160a" start="1682621249202" dump="1682621265342"/><sessioninfo id="DESKTOP-JNH5MAO-c73f89fc" start="1682622156220" dump="1682622172468"/><sessioninfo id="DESKTOP-JNH5MAO-c1735da3" start="1682622188116" dump="1682622345325"/><sessioninfo id="DESKTOP-JNH5MAO-3347dbee" start="1682622564774" dump="1682622567494"/><sessioninfo id="DESKTOP-JNH5MAO-641a05fb" start="1682622579085" dump="1682622596500"/><sessioninfo id="DESKTOP-JNH5MAO-794c4743" start="1682622634616" dump="1682622648528"/><sessioninfo id="DESKTOP-JNH5MAO-5d2df67a" start="1682622983880" dump="1682622997866"/><sessioninfo id="DESKTOP-JNH5MAO-139b1c47" start="1682623073562" dump="1682623087319"/><sessioninfo id="DESKTOP-JNH5MAO-9310e6af" start="1682623117382" dump="1682623131326"/><sessioninfo id="DESKTOP-JNH5MAO-cb114af8" start="1682623406813" dump="1682623408394"/><sessioninfo id="DESKTOP-JNH5MAO-6538d074" start="1682623446885" dump="1682623448441"/><sessioninfo id="DESKTOP-JNH5MAO-651b43dd" start="1682623769806" dump="1682623772608"/><sessioninfo id="DESKTOP-JNH5MAO-9afbbc55" start="1682623812030" dump="1682623813577"/><sessioninfo id="DESKTOP-JNH5MAO-98ef50c2" start="1682624041306" dump="1682624055291"/><sessioninfo id="DESKTOP-JNH5MAO-11b54597" start="1682624071002" dump="1682624084296"/><sessioninfo id="DESKTOP-JNH5MAO-d3e5f7d8" start="1682624103723" dump="1682624119136"/><sessioninfo id="DESKTOP-JNH5MAO-12858dd1" start="1682624140954" dump="1682624154802"/><sessioninfo id="DESKTOP-JNH5MAO-6882a320" start="1682624494771" dump="1682624629222"/><sessioninfo id="DESKTOP-JNH5MAO-4a59222f" start="1682624773129" dump="1682624791034"/><sessioninfo id="DESKTOP-JNH5MAO-110af3e8" start="1682624822469" dump="1682624840373"/><sessioninfo id="DESKTOP-JNH5MAO-5dcd5046" start="1682624892559" dump="1682624906562"/><package name="tourGuide"><class name="tourGuide/TourGuideModule" sourcefilename="TourGuideModule.java"><method name="&lt;init&gt;" desc="()V" line="11"><counter type="INSTRUCTION" missed="3" covered="0"/><counter type="LINE" missed="1" covered="0"/><counter type="COMPLEXITY" missed="1" covered="0"/><counter type="METHOD" missed="1" covered="0"/></method><method name="getGpsUtil" desc="()LgpsUtil/GpsUtil;" line="15"><counter type="INSTRUCTION" missed="4" covered="0"/><counter type="LINE" missed="1" covered="0"/><counter type="COMPLEXITY" missed="1" covered="0"/><counter type="METHOD" missed="1" covered="0"/></method><method name="getRewardsService" desc="()LtourGuide/service/RewardsService;" line="20"><counter type="INSTRUCTION" missed="8" covered="0"/><counter type="LINE" missed="1" covered="0"/><counter type="COMPLEXITY" missed="1" covered="0"/><counter type="METHOD" missed="1" covered="0"/></method><method name="getRewardCentral" desc="()LrewardCentral/RewardCentral;" line="25"><counter type="INSTRUCTION" missed="4" covered="0"/><counter type="LINE" missed="1" covered="0"/><counter type="COMPLEXITY" missed="1" covered="0"/><counter type="METHOD" missed="1" covered="0"/></method><counter type="INSTRUCTION" missed="19" covered="0"/><counter type="LINE" missed="4" covered="0"/><counter type="COMPLEXITY" missed="4" covered="0"/><counter type="METHOD" missed="4" covered="0"/><counter type="CLASS" missed="1" covered="0"/></class><class name="tourGuide/Application" sourcefilename="Application.java"><method name="&lt;init&gt;" desc="()V" line="9"><counter type="INSTRUCTION" missed="3" covered="0"/><counter type="LINE" missed="1" covered="0"/><counter type="COMPLEXITY" missed="1" covered="0"/><counter type="METHOD" missed="1" covered="0"/></method><method name="main" desc="([Ljava/lang/String;)V" line="12"><counter type="INSTRUCTION" missed="5" covered="0"/><counter type="LINE" missed="2" covered="0"/><counter type="COMPLEXITY" missed="1" covered="0"/><counter type="METHOD" missed="1" covered="0"/></method><counter type="INSTRUCTION" missed="8" covered="0"/><counter type="LINE" missed="3" covered="0"/><counter type="COMPLEXITY" missed="2" covered="0"/><counter type="METHOD" missed="2" covered="0"/><counter type="CLASS" missed="1" covered="0"/></class><class name="tourGuide/TourGuideController" sourcefilename="TourGuideController.java"><method name="&lt;init&gt;" desc="()V" line="23"><counter type="INSTRUCTION" missed="3" covered="0"/><counter type="LINE" missed="1" covered="0"/><counter type="COMPLEXITY" missed="1" covered="0"/><counter type="METHOD" missed="1" covered="0"/></method><method name="index" desc="()Ljava/lang/String;" line="33"><counter type="INSTRUCTION" missed="2" covered="0"/><counter type="LINE" missed="1" covered="0"/><counter type="COMPLEXITY" missed="1" covered="0"/><counter type="METHOD" missed="1" covered="0"/></method><method name="getLocation" desc="(Ljava/lang/String;)Ljava/lang/String;" line="38"><counter type="INSTRUCTION" missed="11" covered="0"/><counter type="LINE" missed="2" covered="0"/><counter type="COMPLEXITY" missed="1" covered="0"/><counter type="METHOD" missed="1" covered="0"/></method><method name="getNearbyAttractions" desc="(Ljava/lang/String;)Ljava/lang/String;" line="53"><counter type="INSTRUCTION" missed="14" covered="0"/><counter type="LINE" missed="2" covered="0"/><counter type="COMPLEXITY" missed="1" covered="0"/><counter type="METHOD" missed="1" covered="0"/></method><method name="getRewards" desc="(Ljava/lang/String;)Ljava/lang/String;" line="59"><counter type="INSTRUCTION" missed="8" covered="0"/><counter type="LINE" missed="1" covered="0"/><counter type="COMPLEXITY" missed="1" covered="0"/><counter type="METHOD" missed="1" covered="0"/></method><method name="getAllCurrentLocations" desc="()Ljava/lang/String;" line="73"><counter type="INSTRUCTION" missed="60" covered="0"/><counter type="BRANCH" missed="4" covered="0"/><counter type="LINE" missed="12" covered="0"/><counter type="COMPLEXITY" missed="3" covered="0"/><counter type="METHOD" missed="1" covered="0"/></method><method name="getTripDeals" desc="(Ljava/lang/String;)Ljava/lang/String;" line="93"><counter type="INSTRUCTION" missed="10" covered="0"/><counter type="LINE" missed="2" covered="0"/><counter type="COMPLEXITY" missed="1" covered="0"/><counter type="METHOD" missed="1" covered="0"/></method><method name="updateUserPreferences" desc="(Ljava/lang/String;)V" line="100"><counter type="INSTRUCTION" missed="7" covered="0"/><counter type="LINE" missed="2" covered="0"/><counter type="COMPLEXITY" missed="1" covered="0"/><counter type="METHOD" missed="1" covered="0"/></method><method name="getUser" desc="(Ljava/lang/String;)LtourGuide/user/User;" line="105"><counter type="INSTRUCTION" missed="5" covered="0"/><counter type="LINE" missed="1" covered="0"/><counter type="COMPLEXITY" missed="1" covered="0"/><counter type="METHOD" missed="1" covered="0"/></method><counter type="INSTRUCTION" missed="120" covered="0"/><counter type="BRANCH" missed="4" covered="0"/><counter type="LINE" missed="24" covered="0"/><counter type="COMPLEXITY" missed="11" covered="0"/><counter type="METHOD" missed="9" covered="0"/><counter type="CLASS" missed="1" covered="0"/></class><sourcefile name="TourGuideController.java"><line nr="23" mi="3" ci="0" mb="0" cb="0"/><line nr="33" mi="2" ci="0" mb="0" cb="0"/><line nr="38" mi="7" ci="0" mb="0" cb="0"/><line nr="39" mi="4" ci="0" mb="0" cb="0"/><line nr="53" mi="7" ci="0" mb="0" cb="0"/><line nr="54" mi="7" ci="0" mb="0" cb="0"/><line nr="59" mi="8" ci="0" mb="0" cb="0"/><line nr="73" mi="4" ci="0" mb="0" cb="0"/><line nr="74" mi="4" ci="0" mb="0" cb="0"/><line nr="76" mi="10" ci="0" mb="2" cb="0"/><line nr="77" mi="8" ci="0" mb="0" cb="0"/><line nr="78" mi="1" ci="0" mb="0" cb="0"/><line nr="80" mi="4" ci="0" mb="0" cb="0"/><line nr="82" mi="11" ci="0" mb="2" cb="0"/><line nr="83" mi="5" ci="0" mb="0" cb="0"/><line nr="84" mi="4" ci="0" mb="0" cb="0"/><line nr="85" mi="5" ci="0" mb="0" cb="0"/><line nr="86" mi="1" ci="0" mb="0" cb="0"/><line nr="88" mi="3" ci="0" mb="0" cb="0"/><line nr="93" mi="7" ci="0" mb="0" cb="0"/><line nr="94" mi="3" ci="0" mb="0" cb="0"/><line nr="100" mi="6" ci="0" mb="0" cb="0"/><line nr="102" mi="1" ci="0" mb="0" cb="0"/><line nr="105" mi="5" ci="0" mb="0" cb="0"/><counter type="INSTRUCTION" missed="120" covered="0"/><counter type="BRANCH" missed="4" covered="0"/><counter type="LINE" missed="24" covered="0"/><counter type="COMPLEXITY" missed="11" covered="0"/><counter type="METHOD" missed="9" covered="0"/><counter type="CLASS" missed="1" covered="0"/></sourcefile><sourcefile name="Application.java"><line nr="9" mi="3" ci="0" mb="0" cb="0"/><line nr="12" mi="4" ci="0" mb="0" cb="0"/><line nr="13" mi="1" ci="0" mb="0" cb="0"/><counter type="INSTRUCTION" missed="8" covered="0"/><counter type="LINE" missed="3" covered="0"/><counter type="COMPLEXITY" missed="2" covered="0"/><counter type="METHOD" missed="2" covered="0"/><counter type="CLASS" missed="1" covered="0"/></sourcefile><sourcefile name="TourGuideModule.java"><line nr="11" mi="3" ci="0" mb="0" cb="0"/><line nr="15" mi="4" ci="0" mb="0" cb="0"/><line nr="20" mi="8" ci="0" mb="0" cb="0"/><line nr="25" mi="4" ci="0" mb="0" cb="0"/><counter type="INSTRUCTION" missed="19" covered="0"/><counter type="LINE" missed="4" covered="0"/><counter type="COMPLEXITY" missed="4" covered="0"/><counter type="METHOD" missed="4" covered="0"/><counter type="CLASS" missed="1" covered="0"/></sourcefile><counter type="INSTRUCTION" missed="147" covered="0"/><counter type="BRANCH" missed="4" covered="0"/><counter type="LINE" missed="31" covered="0"/><counter type="COMPLEXITY" missed="17" covered="0"/><counter type="METHOD" missed="15" covered="0"/><counter type="CLASS" missed="3" covered="0"/></package><package name="tourGuide/tracker"><class name="tourGuide/tracker/Tracker" sourcefilename="Tracker.java"><method name="&lt;init&gt;" desc="(LtourGuide/service/TourGuideService;)V" line="17"><counter type="INSTRUCTION" missed="0" covered="21"/><counter type="LINE" missed="0" covered="7"/><counter type="COMPLEXITY" missed="0" covered="1"/><counter type="METHOD" missed="0" covered="1"/></method><method name="stopTracking" desc="()V" line="33"><counter type="INSTRUCTION" missed="0" covered="8"/><counter type="LINE" missed="0" covered="3"/><counter type="COMPLEXITY" missed="0" covered="1"/><counter type="METHOD" missed="0" covered="1"/></method><method name="run" desc="()V" line="39"><counter type="INSTRUCTION" missed="0" covered="71"/><counter type="BRANCH" missed="0" covered="4"/><counter type="LINE" missed="0" covered="18"/><counter type="COMPLEXITY" missed="0" covered="3"/><counter type="METHOD" missed="0" covered="1"/></method><method name="lambda$run$0" desc="(LtourGuide/user/User;)V" line="51"><counter type="INSTRUCTION" missed="12" covered="7"/><counter type="LINE" missed="4" covered="3"/><counter type="COMPLEXITY" missed="0" covered="1"/><counter type="METHOD" missed="0" covered="1"/></method><method name="&lt;clinit&gt;" desc="()V" line="18"><counter type="INSTRUCTION" missed="0" covered="5"/><counter type="LINE" missed="0" covered="1"/><counter type="COMPLEXITY" missed="0" covered="1"/><counter type="METHOD" missed="0" covered="1"/></method><counter type="INSTRUCTION" missed="12" covered="112"/><counter type="BRANCH" missed="0" covered="4"/><counter type="LINE" missed="4" covered="32"/><counter type="COMPLEXITY" missed="0" covered="7"/><counter type="METHOD" missed="0" covered="5"/><counter type="CLASS" missed="0" covered="1"/></class><sourcefile name="Tracker.java"><line nr="17" mi="0" ci="4" mb="0" cb="0"/><line nr="18" mi="0" ci="5" mb="0" cb="0"/><line nr="19" mi="0" ci="3" mb="0" cb="0"/><line nr="21" mi="0" ci="3" mb="0" cb="0"/><line nr="23" mi="0" ci="2" mb="0" cb="0"/><line nr="24" mi="0" ci="3" mb="0" cb="0"/><line nr="26" mi="0" ci="5" mb="0" cb="0"/><line nr="27" mi="0" ci="1" mb="0" cb="0"/><line nr="33" mi="0" ci="3" mb="0" cb="0"/><line nr="34" mi="0" ci="4" mb="0" cb="0"/><line nr="35" mi="0" ci="1" mb="0" cb="0"/><line nr="39" mi="0" ci="4" mb="0" cb="0"/><line nr="41" mi="0" ci="6" mb="0" cb="4"/><line nr="42" mi="0" ci="4" mb="0" cb="0"/><line nr="43" mi="0" ci="1" mb="0" cb="0"/><line nr="46" mi="0" ci="4" mb="0" cb="0"/><line nr="47" mi="0" ci="14" mb="0" cb="0"/><line nr="48" mi="0" ci="2" mb="0" cb="0"/><line nr="49" mi="0" ci="4" mb="0" cb="0"/><line nr="51" mi="0" ci="5" mb="0" cb="0"/><line nr="52" mi="1" ci="0" mb="0" cb="0"/><line nr="53" mi="5" ci="0" mb="0" cb="0"/><line nr="54" mi="1" ci="0" mb="0" cb="0"/><line nr="55" mi="5" ci="0" mb="0" cb="0"/><line nr="56" mi="0" ci="1" mb="0" cb="0"/><line nr="57" mi="0" ci="1" mb="0" cb="0"/><line nr="58" mi="0" ci="2" mb="0" cb="0"/><line nr="59" mi="0" ci="16" mb="0" cb="0"/><line nr="60" mi="0" ci="2" mb="0" cb="0"/><line nr="62" mi="0" ci="4" mb="0" cb="0"/><line nr="63" mi="0" ci="3" mb="0" cb="0"/><line nr="64" mi="0" ci="1" mb="0" cb="0"/><line nr="65" mi="0" ci="1" mb="0" cb="0"/><line nr="66" mi="0" ci="1" mb="0" cb="0"/><line nr="67" mi="0" ci="1" mb="0" cb="0"/><line nr="69" mi="0" ci="1" mb="0" cb="0"/><counter type="INSTRUCTION" missed="12" covered="112"/><counter type="BRANCH" missed="0" covered="4"/><counter type="LINE" missed="4" covered="32"/><counter type="COMPLEXITY" missed="0" covered="7"/><counter type="METHOD" missed="0" covered="5"/><counter type="CLASS" missed="0" covered="1"/></sourcefile><counter type="INSTRUCTION" missed="12" covered="112"/><counter type="BRANCH" missed="0" covered="4"/><counter type="LINE" missed="4" covered="32"/><counter type="COMPLEXITY" missed="0" covered="7"/><counter type="METHOD" missed="0" covered="5"/><counter type="CLASS" missed="0" covered="1"/></package><package name="tourGuide/helper"><class name="tourGuide/helper/InternalTestHelper" sourcefilename="InternalTestHelper.java"><method name="&lt;init&gt;" desc="()V" line="3"><counter type="INSTRUCTION" missed="3" covered="0"/><counter type="LINE" missed="1" covered="0"/><counter type="COMPLEXITY" missed="1" covered="0"/><counter type="METHOD" missed="1" covered="0"/></method><method name="setInternalUserNumber" desc="(I)V" line="9"><counter type="INSTRUCTION" missed="0" covered="3"/><counter type="LINE" missed="0" covered="2"/><counter type="COMPLEXITY" missed="0" covered="1"/><counter type="METHOD" missed="0" covered="1"/></method><method name="getInternalUserNumber" desc="()I" line="13"><counter type="INSTRUCTION" missed="0" covered="2"/><counter type="LINE" missed="0" covered="1"/><counter type="COMPLEXITY" missed="0" covered="1"/><counter type="METHOD" missed="0" covered="1"/></method><method name="&lt;clinit&gt;" desc="()V" line="6"><counter type="INSTRUCTION" missed="0" covered="3"/><counter type="LINE" missed="0" covered="1"/><counter type="COMPLEXITY" missed="0" covered="1"/><counter type="METHOD" missed="0" covered="1"/></method><counter type="INSTRUCTION" missed="3" covered="8"/><counter type="LINE" missed="1" covered="4"/><counter type="COMPLEXITY" missed="1" covered="3"/><counter type="METHOD" missed="1" covered="3"/><counter type="CLASS" missed="0" covered="1"/></class><sourcefile name="InternalTestHelper.java"><line nr="3" mi="3" ci="0" mb="0" cb="0"/><line nr="6" mi="0" ci="3" mb="0" cb="0"/><line nr="9" mi="0" ci="2" mb="0" cb="0"/><line nr="10" mi="0" ci="1" mb="0" cb="0"/><line nr="13" mi="0" ci="2" mb="0" cb="0"/><counter type="INSTRUCTION" missed="3" covered="8"/><counter type="LINE" missed="1" covered="4"/><counter type="COMPLEXITY" missed="1" covered="3"/><counter type="METHOD" missed="1" covered="3"/><counter type="CLASS" missed="0" covered="1"/></sourcefile><counter type="INSTRUCTION" missed="3" covered="8"/><counter type="LINE" missed="1" covered="4"/><counter type="COMPLEXITY" missed="1" covered="3"/><counter type="METHOD" missed="1" covered="3"/><counter type="CLASS" missed="0" covered="1"/></package><package name="tourGuide/service"><class name="tourGuide/service/RewardsService" sourcefilename="RewardsService.java"><method name="&lt;init&gt;" desc="(LgpsUtil/GpsUtil;LrewardCentral/RewardCentral;)V" line="24"><counter type="INSTRUCTION" missed="0" covered="23"/><counter type="LINE" missed="0" covered="8"/><counter type="COMPLEXITY" missed="0" covered="1"/><counter type="METHOD" missed="0" covered="1"/></method><method name="setProximityBuffer" desc="(I)V" line="36"><counter type="INSTRUCTION" missed="4" covered="0"/><counter type="LINE" missed="2" covered="0"/><counter type="COMPLEXITY" missed="1" covered="0"/><counter type="METHOD" missed="1" covered="0"/></method><method name="setDefaultProximityBuffer" desc="()V" line="40"><counter type="INSTRUCTION" missed="5" covered="0"/><counter type="LINE" missed="2" covered="0"/><counter type="COMPLEXITY" missed="1" covered="0"/><counter type="METHOD" missed="1" covered="0"/></method><method name="calculateRewards" desc="(LtourGuide/user/User;)V" line="61"><counter type="INSTRUCTION" missed="0" covered="20"/><counter type="LINE" missed="0" covered="4"/><counter type="COMPLEXITY" missed="0" covered="1"/><counter type="METHOD" missed="0" covered="1"/></method><method name="awaitCalculateRewardsEnding" desc="()V" line="164"><counter type="INSTRUCTION" missed="11" covered="15"/><counter type="BRANCH" missed="1" covered="1"/><counter type="LINE" missed="4" covered="5"/><counter type="COMPLEXITY" missed="1" covered="1"/><counter type="METHOD" missed="0" covered="1"/></method><method name="isWithinAttractionProximity" desc="(LgpsUtil/location/Attraction;LgpsUtil/location/Location;)Z" line="178"><counter type="INSTRUCTION" missed="13" covered="0"/><counter type="BRANCH" missed="2" covered="0"/><counter type="LINE" missed="1" covered="0"/><counter type="COMPLEXITY" missed="2" covered="0"/><counter type="METHOD" missed="1" covered="0"/></method><method name="nearAttraction" desc="(LgpsUtil/location/VisitedLocation;LgpsUtil/location/Attraction;)Z" line="182"><counter type="INSTRUCTION" missed="0" covered="14"/><counter type="BRANCH" missed="0" covered="2"/><counter type="LINE" missed="0" covered="1"/><counter type="COMPLEXITY" missed="0" covered="2"/><counter type="METHOD" missed="0" covered="1"/></method><method name="getRewPoints" desc="(LgpsUtil/location/Attraction;LtourGuide/user/User;)I" line="186"><counter type="INSTRUCTION" missed="0" covered="8"/><counter type="LINE" missed="0" covered="1"/><counter type="COMPLEXITY" missed="0" covered="1"/><counter type="METHOD" missed="0" covered="1"/></method><method name="getDistance" desc="(LgpsUtil/location/Location;LgpsUtil/location/Location;)D" line="190"><counter type="INSTRUCTION" missed="0" covered="45"/><counter type="LINE" missed="0" covered="9"/><counter type="COMPLEXITY" missed="0" covered="1"/><counter type="METHOD" missed="0" covered="1"/></method><method name="lambda$calculateRewards$3" desc="(Ljava/util/List;Ljava/util/List;LtourGuide/user/User;)Ljava/lang/Object;" line="65"><counter type="INSTRUCTION" missed="0" covered="8"/><counter type="LINE" missed="0" covered="2"/><counter type="COMPLEXITY" missed="0" covered="1"/><counter type="METHOD" missed="0" covered="1"/></method><method name="lambda$null$2" desc="(Ljava/util/List;LtourGuide/user/User;LgpsUtil/location/VisitedLocation;)V" line="66"><counter type="INSTRUCTION" missed="0" covered="8"/><counter type="LINE" missed="0" covered="2"/><counter type="COMPLEXITY" missed="0" covered="1"/><counter type="METHOD" missed="0" covered="1"/></method><method name="lambda$null$1" desc="(LtourGuide/user/User;LgpsUtil/location/VisitedLocation;LgpsUtil/location/Attraction;)V" line="67"><counter type="INSTRUCTION" missed="0" covered="24"/><counter type="BRANCH" missed="0" covered="4"/><counter type="LINE" missed="0" covered="4"/><counter type="COMPLEXITY" missed="0" covered="3"/><counter type="METHOD" missed="0" covered="1"/></method><method name="lambda$null$0" desc="(LgpsUtil/location/Attraction;LtourGuide/user/UserReward;)Z" line="67"><counter type="INSTRUCTION" missed="0" covered="7"/><counter type="LINE" missed="0" covered="1"/><counter type="COMPLEXITY" missed="0" covered="1"/><counter type="METHOD" missed="0" covered="1"/></method><counter type="INSTRUCTION" missed="33" covered="172"/><counter type="BRANCH" missed="3" covered="7"/><counter type="LINE" missed="9" covered="36"/><counter type="COMPLEXITY" missed="5" covered="13"/><counter type="METHOD" missed="3" covered="10"/><counter type="CLASS" missed="0" covered="1"/></class><class name="tourGuide/service/UserService" sourcefilename="UserService.java"><method name="&lt;init&gt;" desc="()V" line="9"><counter type="INSTRUCTION" missed="3" covered="0"/><counter type="LINE" missed="1" covered="0"/><counter type="COMPLEXITY" missed="1" covered="0"/><counter type="METHOD" missed="1" covered="0"/></method><method name="updateUserPreferences" desc="(LtourGuide/user/User;)V" line="13"><counter type="INSTRUCTION" missed="16" covered="0"/><counter type="LINE" missed="6" covered="0"/><counter type="COMPLEXITY" missed="1" covered="0"/><counter type="METHOD" missed="1" covered="0"/></method><counter type="INSTRUCTION" missed="19" covered="0"/><counter type="LINE" missed="7" covered="0"/><counter type="COMPLEXITY" missed="2" covered="0"/><counter type="METHOD" missed="2" covered="0"/><counter type="CLASS" missed="1" covered="0"/></class><class name="tourGuide/service/TourGuideService" sourcefilename="TourGuideService.java"><method name="&lt;init&gt;" desc="(LgpsUtil/GpsUtil;LtourGuide/service/RewardsService;)V" line="38"><counter type="INSTRUCTION" missed="0" covered="55"/><counter type="BRANCH" missed="1" covered="1"/><counter type="LINE" missed="0" covered="16"/><counter type="COMPLEXITY" missed="1" covered="1"/><counter type="METHOD" missed="0" covered="1"/></method><method name="getUserRewards" desc="(LtourGuide/user/User;)Ljava/util/List;" line="61"><counter type="INSTRUCTION" missed="0" covered="3"/><counter type="LINE" missed="0" covered="1"/><counter type="COMPLEXITY" missed="0" covered="1"/><counter type="METHOD" missed="0" covered="1"/></method><method name="getUserLocation" desc="(LtourGuide/user/User;)LgpsUtil/location/VisitedLocation;" line="66"><counter type="INSTRUCTION" missed="16" covered="0"/><counter type="BRANCH" missed="2" covered="0"/><counter type="LINE" missed="3" covered="0"/><counter type="COMPLEXITY" missed="2" covered="0"/><counter type="METHOD" missed="1" covered="0"/></method><method name="getUser" desc="(Ljava/lang/String;)LtourGuide/user/User;" line="72"><counter type="INSTRUCTION" missed="0" covered="6"/><counter type="LINE" missed="0" covered="1"/><counter type="COMPLEXITY" missed="0" covered="1"/><counter type="METHOD" missed="0" covered="1"/></method><method name="getAllUsers" desc="()Ljava/util/List;" line="76"><counter type="INSTRUCTION" missed="0" covered="8"/><counter type="LINE" missed="0" covered="1"/><counter type="COMPLEXITY" missed="0" covered="1"/><counter type="METHOD" missed="0" covered="1"/></method><method name="addUser" desc="(LtourGuide/user/User;)V" line="80"><counter type="INSTRUCTION" missed="0" covered="14"/><counter type="BRANCH" missed="1" covered="1"/><counter type="LINE" missed="0" covered="3"/><counter type="COMPLEXITY" missed="1" covered="1"/><counter type="METHOD" missed="0" covered="1"/></method><method name="getTripDeals" desc="(LtourGuide/user/User;)Ljava/util/List;" line="86"><counter type="INSTRUCTION" missed="0" covered="29"/><counter type="LINE" missed="0" covered="5"/><counter type="COMPLEXITY" missed="0" covered="1"/><counter type="METHOD" missed="0" covered="1"/></method><method name="trackUserLocation" desc="(LtourGuide/user/User;)Ljava/util/concurrent/Future;" line="94"><counter type="INSTRUCTION" missed="0" covered="9"/><counter type="LINE" missed="0" covered="2"/><counter type="COMPLEXITY" missed="0" covered="1"/><counter type="METHOD" missed="0" covered="1"/></method><method name="awaitTrackUserLocationEnding" desc="()V" line="106"><counter type="INSTRUCTION" missed="11" covered="15"/><counter type="BRANCH" missed="1" covered="1"/><counter type="LINE" missed="4" covered="5"/><counter type="COMPLEXITY" missed="1" covered="1"/><counter type="METHOD" missed="0" covered="1"/></method><method name="getNearByAttractions" desc="(LgpsUtil/location/VisitedLocation;Ljava/lang/String;)LtourGuide/AttractionDto/NearByAttractionDto;" line="121"><counter type="INSTRUCTION" missed="72" covered="0"/><counter type="BRANCH" missed="2" covered="0"/><counter type="LINE" missed="14" covered="0"/><counter type="COMPLEXITY" missed="2" covered="0"/><counter type="METHOD" missed="1" covered="0"/></method><method name="addShutDownHook" desc="()V" line="141"><counter type="INSTRUCTION" missed="0" covered="7"/><counter type="LINE" missed="0" covered="2"/><counter type="COMPLEXITY" missed="0" covered="1"/><counter type="METHOD" missed="0" covered="1"/></method><method name="getUserById" desc="(Ljava/util/UUID;)LtourGuide/user/User;" line="149"><counter type="INSTRUCTION" missed="6" covered="0"/><counter type="LINE" missed="1" covered="0"/><counter type="COMPLEXITY" missed="1" covered="0"/><counter type="METHOD" missed="1" covered="0"/></method><method name="initializeInternalUsers" desc="()V" line="153"><counter type="INSTRUCTION" missed="0" covered="20"/><counter type="LINE" missed="0" covered="3"/><counter type="COMPLEXITY" missed="0" covered="1"/><counter type="METHOD" missed="0" covered="1"/></method><method name="generateUserLocationHistory" desc="(LtourGuide/user/User;)V" line="166"><counter type="INSTRUCTION" missed="0" covered="8"/><counter type="LINE" missed="0" covered="2"/><counter type="COMPLEXITY" missed="0" covered="1"/><counter type="METHOD" missed="0" covered="1"/></method><method name="generateRandomLongitude" desc="()D" line="172"><counter type="INSTRUCTION" missed="0" covered="15"/><counter type="LINE" missed="0" covered="3"/><counter type="COMPLEXITY" missed="0" covered="1"/><counter type="METHOD" missed="0" covered="1"/></method><method name="generateRandomLatitude" desc="()D" line="178"><counter type="INSTRUCTION" missed="0" covered="15"/><counter type="LINE" missed="0" covered="3"/><counter type="COMPLEXITY" missed="0" covered="1"/><counter type="METHOD" missed="0" covered="1"/></method><method name="getRandomTime" desc="()Ljava/util/Date;" line="184"><counter type="INSTRUCTION" missed="0" covered="14"/><counter type="LINE" missed="0" covered="2"/><counter type="COMPLEXITY" missed="0" covered="1"/><counter type="METHOD" missed="0" covered="1"/></method><method name="lambda$generateUserLocationHistory$4" desc="(LtourGuide/user/User;I)V" line="167"><counter type="INSTRUCTION" missed="0" covered="17"/><counter type="LINE" missed="0" covered="2"/><counter type="COMPLEXITY" missed="0" covered="1"/><counter type="METHOD" missed="0" covered="1"/></method><method name="lambda$initializeInternalUsers$3" desc="(I)V" line="154"><counter type="INSTRUCTION" missed="0" covered="38"/><counter type="LINE" missed="0" covered="7"/><counter type="COMPLEXITY" missed="0" covered="1"/><counter type="METHOD" missed="0" covered="1"/></method><method name="lambda$getNearByAttractions$2" desc="(LgpsUtil/location/VisitedLocation;LgpsUtil/location/Attraction;)Ljava/lang/Boolean;" line="124"><counter type="INSTRUCTION" missed="7" covered="0"/><counter type="LINE" missed="1" covered="0"/><counter type="COMPLEXITY" missed="1" covered="0"/><counter type="METHOD" missed="1" covered="0"/></method><method name="lambda$trackUserLocation$1" desc="(LtourGuide/user/User;)LgpsUtil/location/VisitedLocation;" line="96"><counter type="INSTRUCTION" missed="0" covered="15"/><counter type="LINE" missed="0" covered="4"/><counter type="COMPLEXITY" missed="0" covered="1"/><counter type="METHOD" missed="0" covered="1"/></method><method name="lambda$getTripDeals$0" desc="(LtourGuide/user/UserReward;)I" line="86"><counter type="INSTRUCTION" missed="3" covered="0"/><counter type="LINE" missed="1" covered="0"/><counter type="COMPLEXITY" missed="1" covered="0"/><counter type="METHOD" missed="1" covered="0"/></method><counter type="INSTRUCTION" missed="115" covered="288"/><counter type="BRANCH" missed="7" covered="3"/><counter type="LINE" missed="22" covered="62"/><counter type="COMPLEXITY" missed="10" covered="17"/><counter type="METHOD" missed="5" covered="17"/><counter type="CLASS" missed="0" covered="1"/></class><class name="tourGuide/service/TourGuideService$1" sourcefilename="TourGuideService.java"><method name="&lt;init&gt;" desc="(LtourGuide/service/TourGuideService;)V" line="141"><counter type="INSTRUCTION" missed="0" covered="6"/><counter type="LINE" missed="0" covered="1"/><counter type="COMPLEXITY" missed="0" covered="1"/><counter type="METHOD" missed="0" covered="1"/></method><method name="run" desc="()V" line="143"><counter type="INSTRUCTION" missed="0" covered="5"/><counter type="LINE" missed="0" covered="2"/><counter type="COMPLEXITY" missed="0" covered="1"/><counter type="METHOD" missed="0" covered="1"/></method><counter type="INSTRUCTION" missed="0" covered="11"/><counter type="LINE" missed="0" covered="3"/><counter type="COMPLEXITY" missed="0" covered="2"/><counter type="METHOD" missed="0" covered="2"/><counter type="CLASS" missed="0" covered="1"/></class><sourcefile name="RewardsService.java"><line nr="24" mi="0" ci="3" mb="0" cb="0"/><line nr="25" mi="0" ci="4" mb="0" cb="0"/><line nr="26" mi="0" ci="3" mb="0" cb="0"/><line nr="28" mi="0" ci="4" mb="0" cb="0"/><line nr="30" mi="0" ci="2" mb="0" cb="0"/><line nr="31" mi="0" ci="3" mb="0" cb="0"/><line nr="32" mi="0" ci="3" mb="0" cb="0"/><line nr="33" mi="0" ci="1" mb="0" cb="0"/><line nr="36" mi="3" ci="0" mb="0" cb="0"/><line nr="37" mi="1" ci="0" mb="0" cb="0"/><line nr="40" mi="4" ci="0" mb="0" cb="0"/><line nr="41" mi="1" ci="0" mb="0" cb="0"/><line nr="61" mi="0" ci="6" mb="0" cb="0"/><line nr="62" mi="0" ci="4" mb="0" cb="0"/><line nr="64" mi="0" ci="9" mb="0" cb="0"/><line nr="65" mi="0" ci="6" mb="0" cb="0"/><line nr="66" mi="0" ci="7" mb="0" cb="0"/><line nr="67" mi="0" ci="14" mb="0" cb="2"/><line nr="68" mi="0" ci="5" mb="0" cb="2"/><line nr="69" mi="0" ci="11" mb="0" cb="0"/><line nr="72" mi="0" ci="1" mb="0" cb="0"/><line nr="73" mi="0" ci="1" mb="0" cb="0"/><line nr="75" mi="0" ci="2" mb="0" cb="0"/><line nr="77" mi="0" ci="1" mb="0" cb="0"/><line nr="164" mi="0" ci="3" mb="0" cb="0"/><line nr="166" mi="0" ci="6" mb="1" cb="1"/><line nr="167" mi="4" ci="0" mb="0" cb="0"/><line nr="170" mi="1" ci="0" mb="0" cb="0"/><line nr="171" mi="4" ci="0" mb="0" cb="0"/><line nr="172" mi="2" ci="0" mb="0" cb="0"/><line nr="173" mi="0" ci="1" mb="0" cb="0"/><line nr="174" mi="0" ci="4" mb="0" cb="0"/><line nr="175" mi="0" ci="1" mb="0" cb="0"/><line nr="178" mi="13" ci="0" mb="2" cb="0"/><line nr="182" mi="0" ci="14" mb="0" cb="2"/><line nr="186" mi="0" ci="8" mb="0" cb="0"/><line nr="190" mi="0" ci="4" mb="0" cb="0"/><line nr="191" mi="0" ci="4" mb="0" cb="0"/><line nr="192" mi="0" ci="4" mb="0" cb="0"/><line nr="193" mi="0" ci="4" mb="0" cb="0"/><line nr="195" mi="0" ci="8" mb="0" cb="0"/><line nr="196" mi="0" ci="10" mb="0" cb="0"/><line nr="198" mi="0" ci="5" mb="0" cb="0"/><line nr="199" mi="0" ci="4" mb="0" cb="0"/><line nr="200" mi="0" ci="2" mb="0" cb="0"/><counter type="INSTRUCTION" missed="33" covered="172"/><counter type="BRANCH" missed="3" covered="7"/><counter type="LINE" missed="9" covered="36"/><counter type="COMPLEXITY" missed="5" covered="13"/><counter type="METHOD" missed="3" covered="10"/><counter type="CLASS" missed="0" covered="1"/></sourcefile><sourcefile name="UserService.java"><line nr="9" mi="3" ci="0" mb="0" cb="0"/><line nr="13" mi="3" ci="0" mb="0" cb="0"/><line nr="14" mi="3" ci="0" mb="0" cb="0"/><line nr="15" mi="3" ci="0" mb="0" cb="0"/><line nr="16" mi="3" ci="0" mb="0" cb="0"/><line nr="17" mi="3" ci="0" mb="0" cb="0"/><line nr="18" mi="1" ci="0" mb="0" cb="0"/><counter type="INSTRUCTION" missed="19" covered="0"/><counter type="LINE" missed="7" covered="0"/><counter type="COMPLEXITY" missed="2" covered="0"/><counter type="METHOD" missed="2" covered="0"/><counter type="CLASS" missed="1" covered="0"/></sourcefile><sourcefile name="TourGuideService.java"><line nr="38" mi="0" ci="5" mb="0" cb="0"/><line nr="40" mi="0" ci="5" mb="0" cb="0"/><line nr="41" mi="0" ci="3" mb="0" cb="0"/><line nr="42" mi="0" ci="4" mb="0" cb="0"/><line nr="44" mi="0" ci="4" mb="0" cb="0"/><line nr="46" mi="0" ci="2" mb="0" cb="0"/><line nr="47" mi="0" ci="3" mb="0" cb="0"/><line nr="48" mi="0" ci="3" mb="0" cb="0"/><line nr="50" mi="0" ci="3" mb="1" cb="1"/><line nr="51" mi="0" ci="4" mb="0" cb="0"/><line nr="52" mi="0" ci="4" mb="0" cb="0"/><line nr="53" mi="0" ci="2" mb="0" cb="0"/><line nr="54" mi="0" ci="4" mb="0" cb="0"/><line nr="56" mi="0" ci="6" mb="0" cb="0"/><line nr="57" mi="0" ci="2" mb="0" cb="0"/><line nr="58" mi="0" ci="1" mb="0" cb="0"/><line nr="61" mi="0" ci="3" mb="0" cb="0"/><line nr="66" mi="8" ci="0" mb="2" cb="0"/><line nr="67" mi="6" ci="0" mb="0" cb="0"/><line nr="68" mi="2" ci="0" mb="0" cb="0"/><line nr="72" mi="0" ci="6" mb="0" cb="0"/><line nr="76" mi="0" ci="8" mb="0" cb="0"/><line nr="80" mi="0" ci="6" mb="1" cb="1"/><line nr="81" mi="0" ci="7" mb="0" cb="0"/><line nr="83" mi="0" ci="1" mb="0" cb="0"/><line nr="86" mi="3" ci="7" mb="0" cb="0"/><line nr="87" mi="0" ci="11" mb="0" cb="0"/><line nr="88" mi="0" ci="6" mb="0" cb="0"/><line nr="89" mi="0" ci="3" mb="0" cb="0"/><line nr="90" mi="0" ci="2" mb="0" cb="0"/><line nr="94" mi="0" ci="2" mb="0" cb="0"/><line nr="95" mi="0" ci="7" mb="0" cb="0"/><line nr="96" mi="0" ci="6" mb="0" cb="0"/><line nr="97" mi="0" ci="3" mb="0" cb="0"/><line nr="98" mi="0" ci="4" mb="0" cb="0"/><line nr="99" mi="0" ci="2" mb="0" cb="0"/><line nr="106" mi="0" ci="3" mb="0" cb="0"/><line nr="108" mi="0" ci="6" mb="1" cb="1"/><line nr="109" mi="4" ci="0" mb="0" cb="0"/><line nr="112" mi="1" ci="0" mb="0" cb="0"/><line nr="113" mi="4" ci="0" mb="0" cb="0"/><line nr="114" mi="2" ci="0" mb="0" cb="0"/><line nr="115" mi="0" ci="1" mb="0" cb="0"/><line nr="116" mi="0" ci="4" mb="0" cb="0"/><line nr="117" mi="0" ci="1" mb="0" cb="0"/><line nr="121" mi="2" ci="0" mb="0" cb="0"/><line nr="122" mi="1" ci="0" mb="0" cb="0"/><line nr="123" mi="4" ci="0" mb="0" cb="0"/><line nr="124" mi="10" ci="0" mb="0" cb="0"/><line nr="125" mi="1" ci="0" mb="0" cb="0"/><line nr="126" mi="4" ci="0" mb="0" cb="0"/><line nr="128" mi="4" ci="0" mb="0" cb="0"/><line nr="129" mi="10" ci="0" mb="2" cb="0"/><line nr="130" mi="7" ci="0" mb="0" cb="0"/><line nr="131" mi="8" ci="0" mb="0" cb="0"/><line nr="132" mi="12" ci="0" mb="0" cb="0"/><line nr="134" mi="4" ci="0" mb="0" cb="0"/><line nr="135" mi="1" ci="0" mb="0" cb="0"/><line nr="137" mi="11" ci="0" mb="0" cb="0"/><line nr="141" mi="0" ci="12" mb="0" cb="0"/><line nr="143" mi="0" ci="4" mb="0" cb="0"/><line nr="144" mi="0" ci="1" mb="0" cb="0"/><line nr="146" mi="0" ci="1" mb="0" cb="0"/><line nr="149" mi="6" ci="0" mb="0" cb="0"/><line nr="153" mi="0" ci="6" mb="0" cb="0"/><line nr="154" mi="0" ci="9" mb="0" cb="0"/><line nr="155" mi="0" ci="2" mb="0" cb="0"/><line nr="156" mi="0" ci="9" mb="0" cb="0"/><line nr="157" mi="0" ci="8" mb="0" cb="0"/><line nr="158" mi="0" ci="3" mb="0" cb="0"/><line nr="160" mi="0" ci="6" mb="0" cb="0"/><line nr="161" mi="0" ci="1" mb="0" cb="0"/><line nr="162" mi="0" ci="13" mb="0" cb="0"/><line nr="163" mi="0" ci="1" mb="0" cb="0"/><line nr="166" mi="0" ci="7" mb="0" cb="0"/><line nr="167" mi="0" ci="16" mb="0" cb="0"/><line nr="168" mi="0" ci="1" mb="0" cb="0"/><line nr="169" mi="0" ci="1" mb="0" cb="0"/><line nr="172" mi="0" ci="2" mb="0" cb="0"/><line nr="173" mi="0" ci="2" mb="0" cb="0"/><line nr="174" mi="0" ci="11" mb="0" cb="0"/><line nr="178" mi="0" ci="2" mb="0" cb="0"/><line nr="179" mi="0" ci="2" mb="0" cb="0"/><line nr="180" mi="0" ci="11" mb="0" cb="0"/><line nr="184" mi="0" ci="9" mb="0" cb="0"/><line nr="185" mi="0" ci="5" mb="0" cb="0"/><counter type="INSTRUCTION" missed="115" covered="299"/><counter type="BRANCH" missed="7" covered="3"/><counter type="LINE" missed="22" covered="64"/><counter type="COMPLEXITY" missed="10" covered="19"/><counter type="METHOD" missed="5" covered="19"/><counter type="CLASS" missed="0" covered="2"/></sourcefile><counter type="INSTRUCTION" missed="167" covered="471"/><counter type="BRANCH" missed="10" covered="10"/><counter type="LINE" missed="38" covered="100"/><counter type="COMPLEXITY" missed="17" covered="32"/><counter type="METHOD" missed="10" covered="29"/><counter type="CLASS" missed="1" covered="3"/></package><package name="tourGuide/user"><class name="tourGuide/user/User" sourcefilename="User.java"><method name="&lt;init&gt;" desc="(Ljava/util/UUID;Ljava/lang/String;Ljava/lang/String;Ljava/lang/String;)V" line="17"><counter type="INSTRUCTION" missed="0" covered="35"/><counter type="LINE" missed="0" covered="10"/><counter type="COMPLEXITY" missed="0" covered="1"/><counter type="METHOD" missed="0" covered="1"/></method><method name="getUserId" desc="()Ljava/util/UUID;" line="29"><counter type="INSTRUCTION" missed="0" covered="3"/><counter type="LINE" missed="0" covered="1"/><counter type="COMPLEXITY" missed="0" covered="1"/><counter type="METHOD" missed="0" covered="1"/></method><method name="getUserName" desc="()Ljava/lang/String;" line="33"><counter type="INSTRUCTION" missed="0" covered="3"/><counter type="LINE" missed="0" covered="1"/><counter type="COMPLEXITY" missed="0" covered="1"/><counter type="METHOD" missed="0" covered="1"/></method><method name="setPhoneNumber" desc="(Ljava/lang/String;)V" line="37"><counter type="INSTRUCTION" missed="4" covered="0"/><counter type="LINE" missed="2" covered="0"/><counter type="COMPLEXITY" missed="1" covered="0"/><counter type="METHOD" missed="1" covered="0"/></method><method name="getPhoneNumber" desc="()Ljava/lang/String;" line="41"><counter type="INSTRUCTION" missed="3" covered="0"/><counter type="LINE" missed="1" covered="0"/><counter type="COMPLEXITY" missed="1" covered="0"/><counter type="METHOD" missed="1" covered="0"/></method><method name="setEmailAddress" desc="(Ljava/lang/String;)V" line="45"><counter type="INSTRUCTION" missed="4" covered="0"/><counter type="LINE" missed="2" covered="0"/><counter type="COMPLEXITY" missed="1" covered="0"/><counter type="METHOD" missed="1" covered="0"/></method><method name="getEmailAddress" desc="()Ljava/lang/String;" line="49"><counter type="INSTRUCTION" missed="3" covered="0"/><counter type="LINE" missed="1" covered="0"/><counter type="COMPLEXITY" missed="1" covered="0"/><counter type="METHOD" missed="1" covered="0"/></method><method name="setLatestLocationTimestamp" desc="(Ljava/util/Date;)V" line="53"><counter type="INSTRUCTION" missed="4" covered="0"/><counter type="LINE" missed="2" covered="0"/><counter type="COMPLEXITY" missed="1" covered="0"/><counter type="METHOD" missed="1" covered="0"/></method><method name="getLatestLocationTimestamp" desc="()Ljava/util/Date;" line="57"><counter type="INSTRUCTION" missed="3" covered="0"/><counter type="LINE" missed="1" covered="0"/><counter type="COMPLEXITY" missed="1" covered="0"/><counter type="METHOD" missed="1" covered="0"/></method><method name="addToVisitedLocations" desc="(LgpsUtil/location/VisitedLocation;)V" line="61"><counter type="INSTRUCTION" missed="0" covered="6"/><counter type="LINE" missed="0" covered="2"/><counter type="COMPLEXITY" missed="0" covered="1"/><counter type="METHOD" missed="0" covered="1"/></method><method name="getVisitedLocations" desc="()Ljava/util/List;" line="65"><counter type="INSTRUCTION" missed="0" covered="3"/><counter type="LINE" missed="0" covered="1"/><counter type="COMPLEXITY" missed="0" covered="1"/><counter type="METHOD" missed="0" covered="1"/></method><method name="clearVisitedLocations" desc="()V" line="69"><counter type="INSTRUCTION" missed="4" covered="0"/><counter type="LINE" missed="2" covered="0"/><counter type="COMPLEXITY" missed="1" covered="0"/><counter type="METHOD" missed="1" covered="0"/></method><method name="addUserReward" desc="(LtourGuide/user/UserReward;)V" line="73"><counter type="INSTRUCTION" missed="0" covered="13"/><counter type="BRANCH" missed="0" covered="2"/><counter type="LINE" missed="0" covered="3"/><counter type="COMPLEXITY" missed="0" covered="2"/><counter type="METHOD" missed="0" covered="1"/></method><method name="getUserRewards" desc="()Ljava/util/List;" line="79"><counter type="INSTRUCTION" missed="0" covered="3"/><counter type="LINE" missed="0" covered="1"/><counter type="COMPLEXITY" missed="0" covered="1"/><counter type="METHOD" missed="0" covered="1"/></method><method name="getUserPreferences" desc="()LtourGuide/user/UserPreferences;" line="83"><counter type="INSTRUCTION" missed="0" covered="3"/><counter type="LINE" missed="0" covered="1"/><counter type="COMPLEXITY" missed="0" covered="1"/><counter type="METHOD" missed="0" covered="1"/></method><method name="setUserPreferences" desc="(LtourGuide/user/UserPreferences;)V" line="87"><counter type="INSTRUCTION" missed="4" covered="0"/><counter type="LINE" missed="2" covered="0"/><counter type="COMPLEXITY" missed="1" covered="0"/><counter type="METHOD" missed="1" covered="0"/></method><method name="getLastVisitedLocation" desc="()LgpsUtil/location/VisitedLocation;" line="91"><counter type="INSTRUCTION" missed="10" covered="0"/><counter type="LINE" missed="1" covered="0"/><counter type="COMPLEXITY" missed="1" covered="0"/><counter type="METHOD" missed="1" covered="0"/></method><method name="setTripDeals" desc="(Ljava/util/List;)V" line="95"><counter type="INSTRUCTION" missed="0" covered="4"/><counter type="LINE" missed="0" covered="2"/><counter type="COMPLEXITY" missed="0" covered="1"/><counter type="METHOD" missed="0" covered="1"/></method><method name="getTripDeals" desc="()Ljava/util/List;" line="99"><counter type="INSTRUCTION" missed="3" covered="0"/><counter type="LINE" missed="1" covered="0"/><counter type="COMPLEXITY" missed="1" covered="0"/><counter type="METHOD" missed="1" covered="0"/></method><method name="lambda$addUserReward$0" desc="(LtourGuide/user/UserReward;LtourGuide/user/UserReward;)Z" line="73"><counter type="INSTRUCTION" missed="0" covered="8"/><counter type="LINE" missed="0" covered="1"/><counter type="COMPLEXITY" missed="0" covered="1"/><counter type="METHOD" missed="0" covered="1"/></method><counter type="INSTRUCTION" missed="42" covered="81"/><counter type="BRANCH" missed="0" covered="2"/><counter type="LINE" missed="15" covered="22"/><counter type="COMPLEXITY" missed="10" covered="11"/><counter type="METHOD" missed="10" covered="10"/><counter type="CLASS" missed="0" covered="1"/></class><class name="tourGuide/user/UserReward" sourcefilename="UserReward.java"><method name="&lt;init&gt;" desc="(LgpsUtil/location/VisitedLocation;LgpsUtil/location/Attraction;I)V" line="16"><counter type="INSTRUCTION" missed="0" covered="12"/><counter type="LINE" missed="0" covered="5"/><counter type="COMPLEXITY" missed="0" covered="1"/><counter type="METHOD" missed="0" covered="1"/></method><method name="&lt;init&gt;" desc="(LgpsUtil/location/VisitedLocation;LgpsUtil/location/Attraction;)V" line="22"><counter type="INSTRUCTION" missed="9" covered="0"/><counter type="LINE" missed="4" covered="0"/><counter type="COMPLEXITY" missed="1" covered="0"/><counter type="METHOD" missed="1" covered="0"/></method><method name="setRewardPoints" desc="(I)V" line="29"><counter type="INSTRUCTION" missed="4" covered="0"/><counter type="LINE" missed="2" covered="0"/><counter type="COMPLEXITY" missed="1" covered="0"/><counter type="METHOD" missed="1" covered="0"/></method><method name="getRewardPoints" desc="()I" line="33"><counter type="INSTRUCTION" missed="3" covered="0"/><counter type="LINE" missed="1" covered="0"/><counter type="COMPLEXITY" missed="1" covered="0"/><counter type="METHOD" missed="1" covered="0"/></method><counter type="INSTRUCTION" missed="16" covered="12"/><counter type="LINE" missed="7" covered="5"/><counter type="COMPLEXITY" missed="3" covered="1"/><counter type="METHOD" missed="3" covered="1"/><counter type="CLASS" missed="0" covered="1"/></class><class name="tourGuide/user/UserPreferences" sourcefilename="UserPreferences.java"><method name="&lt;init&gt;" desc="()V" line="11"><counter type="INSTRUCTION" missed="0" covered="38"/><counter type="LINE" missed="0" covered="10"/><counter type="COMPLEXITY" missed="0" covered="1"/><counter type="METHOD" missed="0" covered="1"/></method><method name="setAttractionProximity" desc="(I)V" line="24"><counter type="INSTRUCTION" missed="4" covered="0"/><counter type="LINE" missed="2" covered="0"/><counter type="COMPLEXITY" missed="1" covered="0"/><counter type="METHOD" missed="1" covered="0"/></method><method name="getAttractionProximity" desc="()I" line="28"><counter type="INSTRUCTION" missed="3" covered="0"/><counter type="LINE" missed="1" covered="0"/><counter type="COMPLEXITY" missed="1" covered="0"/><counter type="METHOD" missed="1" covered="0"/></method><method name="getLowerPricePoint" desc="()Lorg/javamoney/moneta/Money;" line="32"><counter type="INSTRUCTION" missed="3" covered="0"/><counter type="LINE" missed="1" covered="0"/><counter type="COMPLEXITY" missed="1" covered="0"/><counter type="METHOD" missed="1" covered="0"/></method><method name="setLowerPricePoint" desc="(Lorg/javamoney/moneta/Money;)V" line="36"><counter type="INSTRUCTION" missed="4" covered="0"/><counter type="LINE" missed="2" covered="0"/><counter type="COMPLEXITY" missed="1" covered="0"/><counter type="METHOD" missed="1" covered="0"/></method><method name="getHighPricePoint" desc="()Lorg/javamoney/moneta/Money;" line="40"><counter type="INSTRUCTION" missed="3" covered="0"/><counter type="LINE" missed="1" covered="0"/><counter type="COMPLEXITY" missed="1" covered="0"/><counter type="METHOD" missed="1" covered="0"/></method><method name="setHighPricePoint" desc="(Lorg/javamoney/moneta/Money;)V" line="44"><counter type="INSTRUCTION" missed="4" covered="0"/><counter type="LINE" missed="2" covered="0"/><counter type="COMPLEXITY" missed="1" covered="0"/><counter type="METHOD" missed="1" covered="0"/></method><method name="getTripDuration" desc="()I" line="48"><counter type="INSTRUCTION" missed="0" covered="3"/><counter type="LINE" missed="0" covered="1"/><counter type="COMPLEXITY" missed="0" covered="1"/><counter type="METHOD" missed="0" covered="1"/></method><method name="setTripDuration" desc="(I)V" line="52"><counter type="INSTRUCTION" missed="4" covered="0"/><counter type="LINE" missed="2" covered="0"/><counter type="COMPLEXITY" missed="1" covered="0"/><counter type="METHOD" missed="1" covered="0"/></method><method name="getTicketQuantity" desc="()I" line="56"><counter type="INSTRUCTION" missed="3" covered="0"/><counter type="LINE" missed="1" covered="0"/><counter type="COMPLEXITY" missed="1" covered="0"/><counter type="METHOD" missed="1" covered="0"/></method><method name="setTicketQuantity" desc="(I)V" line="60"><counter type="INSTRUCTION" missed="4" covered="0"/><counter type="LINE" missed="2" covered="0"/><counter type="COMPLEXITY" missed="1" covered="0"/><counter type="METHOD" missed="1" covered="0"/></method><method name="getNumberOfAdults" desc="()I" line="64"><counter type="INSTRUCTION" missed="0" covered="3"/><counter type="LINE" missed="0" covered="1"/><counter type="COMPLEXITY" missed="0" covered="1"/><counter type="METHOD" missed="0" covered="1"/></method><method name="setNumberOfAdults" desc="(I)V" line="68"><counter type="INSTRUCTION" missed="4" covered="0"/><counter type="LINE" missed="2" covered="0"/><counter type="COMPLEXITY" missed="1" covered="0"/><counter type="METHOD" missed="1" covered="0"/></method><method name="getNumberOfChildren" desc="()I" line="72"><counter type="INSTRUCTION" missed="0" covered="3"/><counter type="LINE" missed="0" covered="1"/><counter type="COMPLEXITY" missed="0" covered="1"/><counter type="METHOD" missed="0" covered="1"/></method><method name="setNumberOfChildren" desc="(I)V" line="76"><counter type="INSTRUCTION" missed="4" covered="0"/><counter type="LINE" missed="2" covered="0"/><counter type="COMPLEXITY" missed="1" covered="0"/><counter type="METHOD" missed="1" covered="0"/></method><counter type="INSTRUCTION" missed="40" covered="47"/><counter type="LINE" missed="18" covered="13"/><counter type="COMPLEXITY" missed="11" covered="4"/><counter type="METHOD" missed="11" covered="4"/><counter type="CLASS" missed="0" covered="1"/></class><sourcefile name="UserPreferences.java"><line nr="11" mi="0" ci="3" mb="0" cb="0"/><line nr="12" mi="0" ci="6" mb="0" cb="0"/><line nr="13" mi="0" ci="7" mb="0" cb="0"/><line nr="14" mi="0" ci="7" mb="0" cb="0"/><line nr="15" mi="0" ci="3" mb="0" cb="0"/><line nr="16" mi="0" ci="3" mb="0" cb="0"/><line nr="17" mi="0" ci="3" mb="0" cb="0"/><line nr="18" mi="0" ci="3" mb="0" cb="0"/><line nr="20" mi="0" ci="2" mb="0" cb="0"/><line nr="21" mi="0" ci="1" mb="0" cb="0"/><line nr="24" mi="3" ci="0" mb="0" cb="0"/><line nr="25" mi="1" ci="0" mb="0" cb="0"/><line nr="28" mi="3" ci="0" mb="0" cb="0"/><line nr="32" mi="3" ci="0" mb="0" cb="0"/><line nr="36" mi="3" ci="0" mb="0" cb="0"/><line nr="37" mi="1" ci="0" mb="0" cb="0"/><line nr="40" mi="3" ci="0" mb="0" cb="0"/><line nr="44" mi="3" ci="0" mb="0" cb="0"/><line nr="45" mi="1" ci="0" mb="0" cb="0"/><line nr="48" mi="0" ci="3" mb="0" cb="0"/><line nr="52" mi="3" ci="0" mb="0" cb="0"/><line nr="53" mi="1" ci="0" mb="0" cb="0"/><line nr="56" mi="3" ci="0" mb="0" cb="0"/><line nr="60" mi="3" ci="0" mb="0" cb="0"/><line nr="61" mi="1" ci="0" mb="0" cb="0"/><line nr="64" mi="0" ci="3" mb="0" cb="0"/><line nr="68" mi="3" ci="0" mb="0" cb="0"/><line nr="69" mi="1" ci="0" mb="0" cb="0"/><line nr="72" mi="0" ci="3" mb="0" cb="0"/><line nr="76" mi="3" ci="0" mb="0" cb="0"/><line nr="77" mi="1" ci="0" mb="0" cb="0"/><counter type="INSTRUCTION" missed="40" covered="47"/><counter type="LINE" missed="18" covered="13"/><counter type="COMPLEXITY" missed="11" covered="4"/><counter type="METHOD" missed="11" covered="4"/><counter type="CLASS" missed="0" covered="1"/></sourcefile><sourcefile name="UserReward.java"><line nr="16" mi="0" ci="2" mb="0" cb="0"/><line nr="17" mi="0" ci="3" mb="0" cb="0"/><line nr="18" mi="0" ci="3" mb="0" cb="0"/><line nr="19" mi="0" ci="3" mb="0" cb="0"/><line nr="20" mi="0" ci="1" mb="0" cb="0"/><line nr="22" mi="2" ci="0" mb="0" cb="0"/><line nr="23" mi="3" ci="0" mb="0" cb="0"/><line nr="24" mi="3" ci="0" mb="0" cb="0"/><line nr="25" mi="1" ci="0" mb="0" cb="0"/><line nr="29" mi="3" ci="0" mb="0" cb="0"/><line nr="30" mi="1" ci="0" mb="0" cb="0"/><line nr="33" mi="3" ci="0" mb="0" cb="0"/><counter type="INSTRUCTION" missed="16" covered="12"/><counter type="LINE" missed="7" covered="5"/><counter type="COMPLEXITY" missed="3" covered="1"/><counter type="METHOD" missed="3" covered="1"/><counter type="CLASS" missed="0" covered="1"/></sourcefile><sourcefile name="User.java"><line nr="17" mi="0" ci="5" mb="0" cb="0"/><line nr="18" mi="0" ci="5" mb="0" cb="0"/><line nr="19" mi="0" ci="5" mb="0" cb="0"/><line nr="20" mi="0" ci="5" mb="0" cb="0"/><line nr="21" mi="0" ci="2" mb="0" cb="0"/><line nr="22" mi="0" ci="3" mb="0" cb="0"/><line nr="23" mi="0" ci="3" mb="0" cb="0"/><line nr="24" mi="0" ci="3" mb="0" cb="0"/><line nr="25" mi="0" ci="3" mb="0" cb="0"/><line nr="26" mi="0" ci="1" mb="0" cb="0"/><line nr="29" mi="0" ci="3" mb="0" cb="0"/><line nr="33" mi="0" ci="3" mb="0" cb="0"/><line nr="37" mi="3" ci="0" mb="0" cb="0"/><line nr="38" mi="1" ci="0" mb="0" cb="0"/><line nr="41" mi="3" ci="0" mb="0" cb="0"/><line nr="45" mi="3" ci="0" mb="0" cb="0"/><line nr="46" mi="1" ci="0" mb="0" cb="0"/><line nr="49" mi="3" ci="0" mb="0" cb="0"/><line nr="53" mi="3" ci="0" mb="0" cb="0"/><line nr="54" mi="1" ci="0" mb="0" cb="0"/><line nr="57" mi="3" ci="0" mb="0" cb="0"/><line nr="61" mi="0" ci="5" mb="0" cb="0"/><line nr="62" mi="0" ci="1" mb="0" cb="0"/><line nr="65" mi="0" ci="3" mb="0" cb="0"/><line nr="69" mi="3" ci="0" mb="0" cb="0"/><line nr="70" mi="1" ci="0" mb="0" cb="0"/><line nr="73" mi="0" ci="15" mb="0" cb="2"/><line nr="74" mi="0" ci="5" mb="0" cb="0"/><line nr="76" mi="0" ci="1" mb="0" cb="0"/><line nr="79" mi="0" ci="3" mb="0" cb="0"/><line nr="83" mi="0" ci="3" mb="0" cb="0"/><line nr="87" mi="3" ci="0" mb="0" cb="0"/><line nr="88" mi="1" ci="0" mb="0" cb="0"/><line nr="91" mi="10" ci="0" mb="0" cb="0"/><line nr="95" mi="0" ci="3" mb="0" cb="0"/><line nr="96" mi="0" ci="1" mb="0" cb="0"/><line nr="99" mi="3" ci="0" mb="0" cb="0"/><counter type="INSTRUCTION" missed="42" covered="81"/><counter type="BRANCH" missed="0" covered="2"/><counter type="LINE" missed="15" covered="22"/><counter type="COMPLEXITY" missed="10" covered="11"/><counter type="METHOD" missed="10" covered="10"/><counter type="CLASS" missed="0" covered="1"/></sourcefile><counter type="INSTRUCTION" missed="98" covered="140"/><counter type="BRANCH" missed="0" covered="2"/><counter type="LINE" missed="40" covered="40"/><counter type="COMPLEXITY" missed="24" covered="16"/><counter type="METHOD" missed="24" covered="15"/><counter type="CLASS" missed="0" covered="3"/></package><package name="tourGuide/AttractionDto"><class name="tourGuide/AttractionDto/AttractionInfoDTO" sourcefilename="AttractionInfoDTO.java"><method name="&lt;init&gt;" desc="(Ljava/lang/String;DDDI)V" line="15"><counter type="INSTRUCTION" missed="18" covered="0"/><counter type="LINE" missed="7" covered="0"/><counter type="COMPLEXITY" missed="1" covered="0"/><counter type="METHOD" missed="1" covered="0"/></method><method name="getAttractionName" desc="()Ljava/lang/String;" line="9"><counter type="INSTRUCTION" missed="3" covered="0"/><counter type="LINE" missed="1" covered="0"/><counter type="COMPLEXITY" missed="1" covered="0"/><counter type="METHOD" missed="1" covered="0"/></method><method name="getAttractionLatitude" desc="()D" line="10"><counter type="INSTRUCTION" missed="3" covered="0"/><counter type="LINE" missed="1" covered="0"/><counter type="COMPLEXITY" missed="1" covered="0"/><counter type="METHOD" missed="1" covered="0"/></method><method name="getAttractionLongitude" desc="()D" line="11"><counter type="INSTRUCTION" missed="3" covered="0"/><counter type="LINE" missed="1" covered="0"/><counter type="COMPLEXITY" missed="1" covered="0"/><counter type="METHOD" missed="1" covered="0"/></method><method name="getDistance" desc="()D" line="12"><counter type="INSTRUCTION" missed="3" covered="0"/><counter type="LINE" missed="1" covered="0"/><counter type="COMPLEXITY" missed="1" covered="0"/><counter type="METHOD" missed="1" covered="0"/></method><method name="getRewardPoints" desc="()I" line="13"><counter type="INSTRUCTION" missed="3" covered="0"/><counter type="LINE" missed="1" covered="0"/><counter type="COMPLEXITY" missed="1" covered="0"/><counter type="METHOD" missed="1" covered="0"/></method><method name="setAttractionName" desc="(Ljava/lang/String;)V" line="7"><counter type="INSTRUCTION" missed="4" covered="0"/><counter type="LINE" missed="1" covered="0"/><counter type="COMPLEXITY" missed="1" covered="0"/><counter type="METHOD" missed="1" covered="0"/></method><method name="setAttractionLatitude" desc="(D)V" line="7"><counter type="INSTRUCTION" missed="4" covered="0"/><counter type="LINE" missed="1" covered="0"/><counter type="COMPLEXITY" missed="1" covered="0"/><counter type="METHOD" missed="1" covered="0"/></method><method name="setAttractionLongitude" desc="(D)V" line="7"><counter type="INSTRUCTION" missed="4" covered="0"/><counter type="LINE" missed="1" covered="0"/><counter type="COMPLEXITY" missed="1" covered="0"/><counter type="METHOD" missed="1" covered="0"/></method><method name="setDistance" desc="(D)V" line="7"><counter type="INSTRUCTION" missed="4" covered="0"/><counter type="LINE" missed="1" covered="0"/><counter type="COMPLEXITY" missed="1" covered="0"/><counter type="METHOD" missed="1" covered="0"/></method><method name="setRewardPoints" desc="(I)V" line="7"><counter type="INSTRUCTION" missed="4" covered="0"/><counter type="LINE" missed="1" covered="0"/><counter type="COMPLEXITY" missed="1" covered="0"/><counter type="METHOD" missed="1" covered="0"/></method><counter type="INSTRUCTION" missed="53" covered="0"/><counter type="LINE" missed="13" covered="0"/><counter type="COMPLEXITY" missed="11" covered="0"/><counter type="METHOD" missed="11" covered="0"/><counter type="CLASS" missed="1" covered="0"/></class><class name="tourGuide/AttractionDto/NearByAttractionDto" sourcefilename="NearByAttractionDto.java"><method name="&lt;init&gt;" desc="(Ljava/util/List;DD)V" line="17"><counter type="INSTRUCTION" missed="12" covered="0"/><counter type="LINE" missed="5" covered="0"/><counter type="COMPLEXITY" missed="1" covered="0"/><counter type="METHOD" missed="1" covered="0"/></method><method name="getAttractionInfoDTOS" desc="()Ljava/util/List;" line="12"><counter type="INSTRUCTION" missed="3" covered="0"/><counter type="LINE" missed="1" covered="0"/><counter type="COMPLEXITY" missed="1" covered="0"/><counter type="METHOD" missed="1" covered="0"/></method><method name="getUserLatitude" desc="()D" line="13"><counter type="INSTRUCTION" missed="3" covered="0"/><counter type="LINE" missed="1" covered="0"/><counter type="COMPLEXITY" missed="1" covered="0"/><counter type="METHOD" missed="1" covered="0"/></method><method name="getUserLongitude" desc="()D" line="14"><counter type="INSTRUCTION" missed="3" covered="0"/><counter type="LINE" missed="1" covered="0"/><counter type="COMPLEXITY" missed="1" covered="0"/><counter type="METHOD" missed="1" covered="0"/></method><method name="setAttractionInfoDTOS" desc="(Ljava/util/List;)V" line="10"><counter type="INSTRUCTION" missed="4" covered="0"/><counter type="LINE" missed="1" covered="0"/><counter type="COMPLEXITY" missed="1" covered="0"/><counter type="METHOD" missed="1" covered="0"/></method><method name="setUserLatitude" desc="(D)V" line="10"><counter type="INSTRUCTION" missed="4" covered="0"/><counter type="LINE" missed="1" covered="0"/><counter type="COMPLEXITY" missed="1" covered="0"/><counter type="METHOD" missed="1" covered="0"/></method><method name="setUserLongitude" desc="(D)V" line="10"><counter type="INSTRUCTION" missed="4" covered="0"/><counter type="LINE" missed="1" covered="0"/><counter type="COMPLEXITY" missed="1" covered="0"/><counter type="METHOD" missed="1" covered="0"/></method><counter type="INSTRUCTION" missed="33" covered="0"/><counter type="LINE" missed="9" covered="0"/><counter type="COMPLEXITY" missed="7" covered="0"/><counter type="METHOD" missed="7" covered="0"/><counter type="CLASS" missed="1" covered="0"/></class><sourcefile name="AttractionInfoDTO.java"><line nr="7" mi="20" ci="0" mb="0" cb="0"/><line nr="9" mi="3" ci="0" mb="0" cb="0"/><line nr="10" mi="3" ci="0" mb="0" cb="0"/><line nr="11" mi="3" ci="0" mb="0" cb="0"/><line nr="12" mi="3" ci="0" mb="0" cb="0"/><line nr="13" mi="3" ci="0" mb="0" cb="0"/><line nr="15" mi="2" ci="0" mb="0" cb="0"/><line nr="16" mi="3" ci="0" mb="0" cb="0"/><line nr="17" mi="3" ci="0" mb="0" cb="0"/><line nr="18" mi="3" ci="0" mb="0" cb="0"/><line nr="19" mi="3" ci="0" mb="0" cb="0"/><line nr="20" mi="3" ci="0" mb="0" cb="0"/><line nr="21" mi="1" ci="0" mb="0" cb="0"/><counter type="INSTRUCTION" missed="53" covered="0"/><counter type="LINE" missed="13" covered="0"/><counter type="COMPLEXITY" missed="11" covered="0"/><counter type="METHOD" missed="11" covered="0"/><counter type="CLASS" missed="1" covered="0"/></sourcefile><sourcefile name="NearByAttractionDto.java"><line nr="10" mi="12" ci="0" mb="0" cb="0"/><line nr="12" mi="3" ci="0" mb="0" cb="0"/><line nr="13" mi="3" ci="0" mb="0" cb="0"/><line nr="14" mi="3" ci="0" mb="0" cb="0"/><line nr="17" mi="2" ci="0" mb="0" cb="0"/><line nr="18" mi="3" ci="0" mb="0" cb="0"/><line nr="19" mi="3" ci="0" mb="0" cb="0"/><line nr="20" mi="3" ci="0" mb="0" cb="0"/><line nr="21" mi="1" ci="0" mb="0" cb="0"/><counter type="INSTRUCTION" missed="33" covered="0"/><counter type="LINE" missed="9" covered="0"/><counter type="COMPLEXITY" missed="7" covered="0"/><counter type="METHOD" missed="7" covered="0"/><counter type="CLASS" missed="1" covered="0"/></sourcefile><counter type="INSTRUCTION" missed="86" covered="0"/><counter type="LINE" missed="22" covered="0"/><counter type="COMPLEXITY" missed="18" covered="0"/><counter type="METHOD" missed="18" covered="0"/><counter type="CLASS" missed="2" covered="0"/></package><counter type="INSTRUCTION" missed="513" covered="731"/><counter type="BRANCH" missed="14" covered="16"/><counter type="LINE" missed="136" covered="176"/><counter type="COMPLEXITY" missed="77" covered="58"/><counter type="METHOD" missed="68" covered="52"/><counter type="CLASS" missed="6" covered="8"/></report>